--------logs--------
[+] 31-03-2024 09:00:37 Server is Listning undefined
[+] 31-03-2024 09:01:47 Server is Listning undefined
[+] 31-03-2024 09:01:59 Server is Listning 3000
[+] 31-03-2024 09:02:51 Server is Listning 3000
[+] 31-03-2024 09:03:12 Server is Listning 3000
[+] 31-03-2024 09:04:08 Server is Listning 3000
[+] 31-03-2024 09:04:27 Server is Listning 3000
[+] 31-03-2024 09:05:08 Server is Listning 3000
[+] 31-03-2024 09:05:22 Server is Listning 3000
[+] 31-03-2024 09:05:35 Server is Listning 3000
[+] 31-03-2024 09:05:58 Server is Listning 3000
[+] 31-03-2024 09:06:04 Server is Listning 3000
[+] 31-03-2024 09:06:21 Server is Listning 3000
[+] 31-03-2024 09:06:23 Server is Listning 3000
[+] 31-03-2024 09:06:29 Server is Listning 3000
[+] 31-03-2024 09:12:15 Server is Listning 3000
[+] 31-03-2024 09:13:53 Server is Listning 3000
[*] 31-03-2024 09:15:45 GET /
[*] 31-03-2024 09:15:45 GET /favicon.ico
[+] 31-03-2024 09:18:06 Server is Listning 3000
[*] 31-03-2024 09:23:11 GET /
[*] 31-03-2024 09:23:26 GET /home
[*] 31-03-2024 09:25:10 GET /About
[+] 31-03-2024 09:35:06 Server is Listning 3000
[+] 31-03-2024 09:35:14 Server is Listning 3000
[+] 31-03-2024 09:35:26 Server is Listning 3000
[+] 31-03-2024 09:35:42 Server is Listning 3000
[+] 31-03-2024 09:35:44 Server is Listning 3000
[+] 31-03-2024 09:36:04 Server is Listning 3000
[+] 31-03-2024 09:36:23 Server is Listning 3000
[+] 31-03-2024 09:36:36 Server is Listning 3000
[+] 31-03-2024 09:36:41 Server is Listning 3000
[+] 31-03-2024 09:36:45 Server is Listning 3000
[+] 31-03-2024 09:36:53 Server is Listning 3000
[+] 31-03-2024 09:37:19 Server is Listning 3000
[+] 31-03-2024 09:37:30 Server is Listning 3000
[+] 31-03-2024 09:37:39 Server is Listning 3000
[+] 31-03-2024 09:37:44 Server is Listning 3000
[+] 31-03-2024 09:38:20 Server is Listning 3000
[*] 31-03-2024 09:38:35 GET /home
[*] 31-03-2024 09:38:35 GET /favicon.ico
[+] 31-03-2024 09:40:13 Server is Listning 3000
[*] 31-03-2024 09:40:17 GET /home
[*] 31-03-2024 09:40:17 GET /favicon.ico
[+] 31-03-2024 09:42:11 Server is Listning 3000
[*] 31-03-2024 09:42:21 GET /home
[*] 31-03-2024 09:42:22 GET /favicon.ico
[+] 31-03-2024 09:43:31 Server is Listning 3000
[*] 31-03-2024 09:43:39 GET /home
[*] 31-03-2024 09:43:39 GET /favicon.ico
[+] 31-03-2024 09:44:09 Server is Listning 3000
[*] 31-03-2024 09:44:13 GET /home
[*] 31-03-2024 09:44:13 GET /favicon.ico
[+] 31-03-2024 09:46:31 Server is Listning 3000
[*] 31-03-2024 09:47:13 GET /home
[+] 31-03-2024 09:47:44 Server is Listning 3000
[*] 31-03-2024 09:47:53 GET /
[*] 31-03-2024 09:48:15 GET /home
[+] 31-03-2024 09:58:39 Server is Listning 3000
[*] 31-03-2024 09:58:45 GET /
[+] 31-03-2024 09:59:07 Server is Listning 3000
[*] 31-03-2024 09:59:09 GET /
[*] 31-03-2024 10:00:08 POST /
[*] 31-03-2024 10:00:19 PUT /
[*] 31-03-2024 10:00:22 GET /
[+] 31-03-2024 10:05:22 Server is Listning 3000
[+] 31-03-2024 10:05:28 Server is Listning 3000
[+] 31-03-2024 10:05:37 Server is Listning 3000
[+] 31-03-2024 10:05:44 Server is Listning 3000
[+] 31-03-2024 10:05:48 Server is Listning 3000
[*] 31-03-2024 10:06:23 GET /
[*] 31-03-2024 10:06:34 GET /studentdata
[*] 31-03-2024 10:06:59 GET /studentdata
[*] 31-03-2024 10:07:32 GET /studentdata
[+] 31-03-2024 10:08:00 Server is Listning 3000
[*] 31-03-2024 10:08:08 GET /user
[*] 31-03-2024 10:09:37 GET /user
[*] 31-03-2024 10:09:42 POST /user
[+] 31-03-2024 10:11:50 Server is Listning 3000
[+] 31-03-2024 10:12:50 Server is Listning 3000
[+] 31-03-2024 10:14:13 Server is Listning 3000
[+] 31-03-2024 10:14:34 Server is Listning 3000
[*] 31-03-2024 10:14:37 POST /user
[*] 31-03-2024 10:14:42 GET /user
[*] 31-03-2024 10:14:48 GET /home
[*] 31-03-2024 10:15:24 POST /home
[+] 31-03-2024 10:17:55 Server is Listning 3000
[*] 31-03-2024 10:18:01 POST /home
[+] 31-03-2024 10:20:59 Server is Listning 3000
[+] 31-03-2024 11:45:44 Server is Listning 3000
[+] 31-03-2024 11:46:07 Server is Listning 3000
[+] 31-03-2024 11:46:31 Server is Listning 3000
[+] 31-03-2024 11:47:03 Server is Listning 3000
[+] 31-03-2024 11:47:25 Server is Listning 3000
[+] 31-03-2024 11:47:32 Server is Listning 3000
[+] 31-03-2024 11:48:26 Server is Listning 3000
[+] 31-03-2024 11:49:16 Server is Listning 3000
[+] 31-03-2024 11:49:22 Server is Listning 3000
[+] 31-03-2024 11:49:37 Server is Listning 3000
[+] 31-03-2024 11:50:42 Server is Listning 3000
[+] 31-03-2024 11:50:47 Server is Listning 3000
[+] 31-03-2024 11:50:59 Server is Listning 3000
[+] 31-03-2024 11:51:19 Server is Listning 3000
[+] 31-03-2024 11:51:28 Server is Listning 3000
[+] 31-03-2024 11:51:52 Server is Listning 3000
[+] 31-03-2024 11:52:04 Server is Listning 3000
[+] 31-03-2024 11:52:36 Server is Listning 3000
[+] 31-03-2024 11:52:54 Server is Listning 3000
[*] 31-03-2024 11:53:22 POST /user
[*] 31-03-2024 11:53:26 GET /user
[-] 31-03-2024 11:53:26 TypeError: Databaseconnection.collection is not a function
[+] 31-03-2024 11:55:39 Server is Listning 3000
[+] 31-03-2024 11:55:52 Server is Listning 3000
[*] 31-03-2024 11:55:59 GET /user
[-] 31-03-2024 11:55:59 TypeError: dbconnection.Database is not a function
[+] 31-03-2024 11:57:27 Server is Listning 3000
[*] 31-03-2024 11:57:37 GET /user
[+] 31-03-2024 11:58:24 Server is Listning 3000
[+] 31-03-2024 11:58:57 Server is Listning 3000
[*] 31-03-2024 11:59:00 GET /user
[+] 31-03-2024 11:59:49 Server is Listning 3000
[*] 31-03-2024 11:59:51 GET /user
[+] 31-03-2024 12:15:48 Server is Listning 3000
[+] 31-03-2024 12:21:19 Server is Listning 3000
[+] 31-03-2024 12:33:08 Server is Listning 3000
[+] 31-03-2024 12:33:48 Server is Listning 3000
[*] 31-03-2024 12:34:11 POST /Home