[+] 26-04-2024 08:24:16  servermanager successfully started On Port 3000. Ready to handle incoming requests.
 [+] 26-04-2024 08:24:16  Mongo DB Connected Successfully.....
 [+] 26-04-2024 08:24:16  Database Successfully Conected
 [+] 26-04-2024 08:24:16  Data Was Served..
 [+] 26-04-2024 08:24:16  Mongo DB disconnected Successfully.....
 [*] 26-04-2024 08:24:24  incoming request GET /
 [*] 26-04-2024 08:24:25  incoming request GET /favicon.ico
 [*] 26-04-2024 08:24:51  incoming request POST /user/token
 [*] 26-04-2024 08:24:55  incoming request GET /dashboard
 [*] 26-04-2024 08:24:55  incoming request GET /movies/
 [*] 26-04-2024 08:24:55  incoming request GET /favicon.ico
 [+] 26-04-2024 08:24:55  Mongo DB Connected Successfully.....
 [+] 26-04-2024 08:24:55  Data Was Served..
 [+] 26-04-2024 08:24:55  Mongo DB disconnected Successfully.....
 [+] 26-04-2024 08:25:59  servermanager successfully started On Port 3000. Ready to handle incoming requests.
 [*] 26-04-2024 08:25:59  incoming request GET /favicon.ico
 [+] 26-04-2024 08:25:59  Mongo DB Connected Successfully.....
 [+] 26-04-2024 08:25:59  Database Successfully Conected
 [+] 26-04-2024 08:25:59  Data Was Served..
 [+] 26-04-2024 08:25:59  Mongo DB disconnected Successfully.....
 [*] 26-04-2024 08:26:00  incoming request POST /user/token
 [*] 26-04-2024 08:26:02  incoming request GET /dashboard
 [*] 26-04-2024 08:26:02  incoming request GET /movies/
 [*] 26-04-2024 08:26:02  incoming request GET /favicon.ico
 [+] 26-04-2024 08:26:02  Mongo DB Connected Successfully.....
 [+] 26-04-2024 08:26:02  Data Was Served..
 [+] 26-04-2024 08:26:02  Mongo DB disconnected Successfully.....
 [*] 26-04-2024 08:26:03  incoming request GET /dashboard
 [*] 26-04-2024 08:26:04  incoming request GET /movies/
 [*] 26-04-2024 08:26:04  incoming request GET /favicon.ico
 [+] 26-04-2024 08:26:04  Mongo DB Connected Successfully.....
 [+] 26-04-2024 08:26:04  Data Was Served..
 [+] 26-04-2024 08:26:04  Mongo DB disconnected Successfully.....
 [*] 26-04-2024 08:26:04  incoming request GET /dashboard
 [*] 26-04-2024 08:26:04  incoming request GET /movies/
 [+] 26-04-2024 08:26:04  Mongo DB Connected Successfully.....
 [*] 26-04-2024 08:26:04  incoming request GET /favicon.ico
 [+] 26-04-2024 08:26:04  Data Was Served..
 [+] 26-04-2024 08:26:04  Mongo DB disconnected Successfully.....
 [*] 26-04-2024 08:26:04  incoming request GET /dashboard
 [*] 26-04-2024 08:26:04  incoming request GET /movies/
 [+] 26-04-2024 08:26:04  Mongo DB Connected Successfully.....
 [*] 26-04-2024 08:26:04  incoming request GET /favicon.ico
 [+] 26-04-2024 08:26:04  Data Was Served..
 [+] 26-04-2024 08:26:04  Mongo DB disconnected Successfully.....
 [*] 26-04-2024 08:26:04  incoming request GET /dashboard
 [*] 26-04-2024 08:26:04  incoming request GET /movies/
 [+] 26-04-2024 08:26:04  Mongo DB Connected Successfully.....
 [*] 26-04-2024 08:26:04  incoming request GET /favicon.ico
 [+] 26-04-2024 08:26:04  Data Was Served..
 [+] 26-04-2024 08:26:04  Mongo DB disconnected Successfully.....
 [*] 26-04-2024 08:26:04  incoming request GET /dashboard
 [*] 26-04-2024 08:26:04  incoming request GET /movies/
 [*] 26-04-2024 08:26:04  incoming request GET /favicon.ico
 [+] 26-04-2024 08:26:04  Mongo DB Connected Successfully.....
 [+] 26-04-2024 08:26:04  Data Was Served..
 [+] 26-04-2024 08:26:04  Mongo DB disconnected Successfully.....
 [*] 26-04-2024 08:26:04  incoming request GET /dashboard
 [*] 26-04-2024 08:26:04  incoming request GET /movies/
 [*] 26-04-2024 08:26:04  incoming request GET /favicon.ico
 [+] 26-04-2024 08:26:04  Mongo DB Connected Successfully.....
 [+] 26-04-2024 08:26:04  Data Was Served..
 [+] 26-04-2024 08:26:04  Mongo DB disconnected Successfully.....
 [*] 26-04-2024 08:26:06  incoming request GET /favicon.ico
 [*] 26-04-2024 08:26:11  incoming request GET /
 [*] 26-04-2024 08:26:12  incoming request GET /favicon.ico
 [*] 26-04-2024 08:26:13  incoming request POST /user/token
 [*] 26-04-2024 08:26:13  incoming request GET /dashboard
 [*] 26-04-2024 08:26:13  incoming request GET /movies/
 [+] 26-04-2024 08:26:13  Mongo DB Connected Successfully.....
 [+] 26-04-2024 08:26:13  Data Was Served..
 [+] 26-04-2024 08:26:13  Mongo DB disconnected Successfully.....
 [*] 26-04-2024 08:26:13  incoming request GET /favicon.ico
 [+] 26-04-2024 08:26:36  servermanager successfully started On Port 3000. Ready to handle incoming requests.
 [+] 26-04-2024 08:26:36  Mongo DB Connected Successfully.....
 [+] 26-04-2024 08:26:36  Database Successfully Conected
 [+] 26-04-2024 08:26:36  Data Was Served..
 [+] 26-04-2024 08:26:36  Mongo DB disconnected Successfully.....
 [*] 26-04-2024 08:26:36  incoming request GET /dashboard
 [*] 26-04-2024 08:26:36  incoming request GET /favicon.ico
 [*] 26-04-2024 08:26:38  incoming request GET /favicon.ico
 [*] 26-04-2024 08:26:40  incoming request POST /user/token
 [*] 26-04-2024 08:26:40  incoming request GET /dashboard
 [*] 26-04-2024 08:26:40  incoming request GET /favicon.ico
 [*] 26-04-2024 08:26:42  incoming request GET /favicon.ico
 [*] 26-04-2024 08:26:43  incoming request POST /user/token
 [*] 26-04-2024 08:26:43  incoming request GET /dashboard
 [*] 26-04-2024 08:26:43  incoming request GET /favicon.ico
 [*] 26-04-2024 08:26:46  incoming request GET /dashboard
 [*] 26-04-2024 08:26:46  incoming request GET /favicon.ico
 [*] 26-04-2024 08:26:47  incoming request GET /favicon.ico
 [*] 26-04-2024 08:26:48  incoming request POST /user/token
 [*] 26-04-2024 08:26:48  incoming request GET /dashboard
 [*] 26-04-2024 08:26:49  incoming request GET /favicon.ico
 [+] 26-04-2024 08:27:12  servermanager successfully started On Port 3000. Ready to handle incoming requests.
 [+] 26-04-2024 08:27:12  Mongo DB Connected Successfully.....
 [+] 26-04-2024 08:27:12  Database Successfully Conected
 [+] 26-04-2024 08:27:12  Data Was Served..
 [+] 26-04-2024 08:27:12  Mongo DB disconnected Successfully.....
 [*] 26-04-2024 08:27:12  incoming request GET /dashboard
 [*] 26-04-2024 08:27:13  incoming request GET /favicon.ico
 [*] 26-04-2024 08:27:13  incoming request GET /dashboard
 [*] 26-04-2024 08:27:13  incoming request GET /favicon.ico
 [*] 26-04-2024 08:27:14  incoming request GET /favicon.ico
 [*] 26-04-2024 08:27:16  incoming request POST /user/token
 [*] 26-04-2024 08:27:16  incoming request GET /dashboard
 [*] 26-04-2024 08:27:16  incoming request GET /favicon.ico
 [*] 26-04-2024 08:27:18  incoming request GET /dashboard
 [*] 26-04-2024 08:27:19  incoming request GET /favicon.ico
 [*] 26-04-2024 08:27:19  incoming request GET /dashboard
 [*] 26-04-2024 08:27:19  incoming request GET /favicon.ico
 [*] 26-04-2024 08:27:19  incoming request GET /dashboard
 [*] 26-04-2024 08:27:19  incoming request GET /favicon.ico
 [*] 26-04-2024 08:27:19  incoming request GET /dashboard
 [*] 26-04-2024 08:27:19  incoming request GET /favicon.ico
 [*] 26-04-2024 08:27:19  incoming request GET /dashboard
 [*] 26-04-2024 08:27:20  incoming request GET /favicon.ico
 [*] 26-04-2024 08:27:20  incoming request GET /dashboard
 [*] 26-04-2024 08:27:20  incoming request GET /favicon.ico
 [*] 26-04-2024 08:27:20  incoming request GET /favicon.ico
 [*] 26-04-2024 08:27:26  incoming request GET /
 [*] 26-04-2024 08:27:26  incoming request GET /favicon.ico
 [*] 26-04-2024 08:27:27  incoming request POST /user/token
 [*] 26-04-2024 08:27:27  incoming request GET /
 [*] 26-04-2024 08:27:27  incoming request GET /dashboard
 [*] 26-04-2024 08:27:27  incoming request GET /favicon.ico
 [*] 26-04-2024 08:27:31  incoming request GET /favicon.ico
 [+] 26-04-2024 08:27:38  servermanager successfully started On Port 3000. Ready to handle incoming requests.
 [+] 26-04-2024 08:27:38  Mongo DB Connected Successfully.....
 [+] 26-04-2024 08:27:38  Database Successfully Conected
 [+] 26-04-2024 08:27:38  Data Was Served..
 [+] 26-04-2024 08:27:38  Mongo DB disconnected Successfully.....
 [*] 26-04-2024 08:27:39  incoming request GET /
 [*] 26-04-2024 08:27:39  incoming request GET /favicon.ico
 [*] 26-04-2024 08:27:40  incoming request POST /user/token
 [*] 26-04-2024 08:27:40  incoming request GET /dashboard
 [*] 26-04-2024 08:27:41  incoming request GET /favicon.ico
 [*] 26-04-2024 08:27:42  incoming request GET /favicon.ico
 [+] 26-04-2024 08:44:29  servermanager successfully started On Port 3000. Ready to handle incoming requests.
 [+] 26-04-2024 08:44:29  Mongo DB Connected Successfully.....
 [+] 26-04-2024 08:44:29  Database Successfully Conected
 [+] 26-04-2024 08:44:29  Data Was Served..
 [+] 26-04-2024 08:44:29  Mongo DB disconnected Successfully.....
 [*] 26-04-2024 08:44:40  incoming request GET /
 [*] 26-04-2024 08:44:41  incoming request GET /favicon.ico
 [*] 26-04-2024 08:44:45  incoming request POST /user/token
 [*] 26-04-2024 08:44:45  incoming request GET /dashboard
 [*] 26-04-2024 08:44:45  incoming request GET /favicon.ico
 [*] 26-04-2024 08:45:01  incoming request GET /favicon.ico
 [*] 26-04-2024 08:46:09  incoming request POST /user/token
 [*] 26-04-2024 08:46:09  incoming request GET /dashboard
 [*] 26-04-2024 08:46:09  incoming request GET /favicon.ico
 [*] 26-04-2024 08:46:11  incoming request GET /favicon.ico
 [+] 26-04-2024 08:47:11  servermanager successfully started On Port 3000. Ready to handle incoming requests.
 [+] 26-04-2024 08:47:11  Mongo DB Connected Successfully.....
 [+] 26-04-2024 08:47:11  Database Successfully Conected
 [+] 26-04-2024 08:47:11  Data Was Served..
 [+] 26-04-2024 08:47:11  Mongo DB disconnected Successfully.....
 [+] 26-04-2024 08:48:01  servermanager successfully started On Port 3000. Ready to handle incoming requests.
 [+] 26-04-2024 08:48:01  Mongo DB Connected Successfully.....
 [+] 26-04-2024 08:48:01  Database Successfully Conected
 [+] 26-04-2024 08:48:01  Data Was Served..
 [+] 26-04-2024 08:48:01  Mongo DB disconnected Successfully.....
 [+] 26-04-2024 08:48:02  servermanager successfully started On Port 3000. Ready to handle incoming requests.
 [+] 26-04-2024 08:48:02  Mongo DB Connected Successfully.....
 [+] 26-04-2024 08:48:02  Database Successfully Conected
 [+] 26-04-2024 08:48:02  Data Was Served..
 [+] 26-04-2024 08:48:02  Mongo DB disconnected Successfully.....
 [*] 26-04-2024 08:48:06  incoming request POST /user/token
 [*] 26-04-2024 08:48:06  incoming request GET /dashboard
 [*] 26-04-2024 08:48:06  incoming request GET /favicon.ico
 [*] 26-04-2024 08:48:47  incoming request GET /favicon.ico
 [*] 26-04-2024 08:48:51  incoming request GET /login
 [*] 26-04-2024 08:48:51  incoming request GET /favicon.ico
 [*] 26-04-2024 08:48:54  incoming request POST /login
 [+] 26-04-2024 08:49:47  servermanager successfully started On Port 3000. Ready to handle incoming requests.
 [+] 26-04-2024 08:49:47  Mongo DB Connected Successfully.....
 [+] 26-04-2024 08:49:47  Database Successfully Conected
 [+] 26-04-2024 08:49:47  Data Was Served..
 [+] 26-04-2024 08:49:47  Mongo DB disconnected Successfully.....
 [*] 26-04-2024 08:50:03  incoming request POST /login
 [+] 26-04-2024 08:51:51  servermanager successfully started On Port 3000. Ready to handle incoming requests.
 [+] 26-04-2024 08:51:51  Mongo DB Connected Successfully.....
 [+] 26-04-2024 08:51:51  Database Successfully Conected
 [+] 26-04-2024 08:51:51  Data Was Served..
 [+] 26-04-2024 08:51:51  Mongo DB disconnected Successfully.....
 [*] 26-04-2024 08:51:54  incoming request GET /login
 [*] 26-04-2024 08:51:54  incoming request GET /favicon.ico
 [*] 26-04-2024 08:51:55  incoming request POST /
 [*] 26-04-2024 08:51:55  incoming request GET /dashboard
 [*] 26-04-2024 08:51:55  incoming request GET /favicon.ico
 [+] 26-04-2024 08:52:04  servermanager successfully started On Port 3000. Ready to handle incoming requests.
 [+] 26-04-2024 08:52:04  Mongo DB Connected Successfully.....
 [+] 26-04-2024 08:52:04  Database Successfully Conected
 [+] 26-04-2024 08:52:04  Data Was Served..
 [+] 26-04-2024 08:52:04  Mongo DB disconnected Successfully.....
 [*] 26-04-2024 08:52:04  incoming request GET /dashboard
 [*] 26-04-2024 08:52:05  incoming request GET /favicon.ico
 [*] 26-04-2024 08:52:06  incoming request GET /favicon.ico
 [*] 26-04-2024 08:52:07  incoming request POST /
 [*] 26-04-2024 08:52:07  incoming request GET /dashboard
 [*] 26-04-2024 08:52:07  incoming request GET /favicon.ico
 [+] 26-04-2024 08:52:21  servermanager successfully started On Port 3000. Ready to handle incoming requests.
 [+] 26-04-2024 08:52:21  Mongo DB Connected Successfully.....
 [+] 26-04-2024 08:52:21  Database Successfully Conected
 [+] 26-04-2024 08:52:21  Data Was Served..
 [+] 26-04-2024 08:52:21  Mongo DB disconnected Successfully.....
 [*] 26-04-2024 08:52:21  incoming request GET /favicon.ico
 [*] 26-04-2024 08:52:22  incoming request GET /login
 [*] 26-04-2024 08:52:22  incoming request GET /favicon.ico
 [*] 26-04-2024 08:52:23  incoming request POST /login
 [+] 26-04-2024 08:52:43  servermanager successfully started On Port 3000. Ready to handle incoming requests.
 [+] 26-04-2024 08:52:43  Mongo DB Connected Successfully.....
 [+] 26-04-2024 08:52:43  Database Successfully Conected
 [+] 26-04-2024 08:52:43  Data Was Served..
 [+] 26-04-2024 08:52:43  Mongo DB disconnected Successfully.....
 [+] 26-04-2024 08:53:33  servermanager successfully started On Port 3000. Ready to handle incoming requests.
 [+] 26-04-2024 08:53:33  Mongo DB Connected Successfully.....
 [+] 26-04-2024 08:53:33  Database Successfully Conected
 [+] 26-04-2024 08:53:33  Data Was Served..
 [+] 26-04-2024 08:53:33  Mongo DB disconnected Successfully.....
 [*] 26-04-2024 08:53:36  incoming request GET /login
 [*] 26-04-2024 08:53:36  incoming request GET /favicon.ico
 [*] 26-04-2024 08:53:37  incoming request POST /login
 [+] 26-04-2024 08:54:17  servermanager successfully started On Port 3000. Ready to handle incoming requests.
 [+] 26-04-2024 08:54:17  Mongo DB Connected Successfully.....
 [+] 26-04-2024 08:54:17  Database Successfully Conected
 [+] 26-04-2024 08:54:17  Data Was Served..
 [+] 26-04-2024 08:54:17  Mongo DB disconnected Successfully.....
 [+] 26-04-2024 08:54:31  servermanager successfully started On Port 3000. Ready to handle incoming requests.
 [+] 26-04-2024 08:54:31  Mongo DB Connected Successfully.....
 [+] 26-04-2024 08:54:31  Database Successfully Conected
 [+] 26-04-2024 08:54:31  Data Was Served..
 [+] 26-04-2024 08:54:31  Mongo DB disconnected Successfully.....
 [*] 26-04-2024 08:54:32  incoming request POST /login
 [*] 26-04-2024 08:54:35  incoming request GET /login
 [*] 26-04-2024 08:54:35  incoming request GET /favicon.ico
 [*] 26-04-2024 08:54:36  incoming request POST /login
 [*] 26-04-2024 08:54:58  incoming request POST /login
 [+] 26-04-2024 08:55:33  servermanager successfully started On Port 3000. Ready to handle incoming requests.
 [+] 26-04-2024 08:55:33  Mongo DB Connected Successfully.....
 [+] 26-04-2024 08:55:33  Database Successfully Conected
 [+] 26-04-2024 08:55:33  Data Was Served..
 [+] 26-04-2024 08:55:33  Mongo DB disconnected Successfully.....
 [*] 26-04-2024 08:55:33  incoming request GET /login
 [*] 26-04-2024 08:55:33  incoming request GET /favicon.ico
 [*] 26-04-2024 08:55:33  incoming request GET /login
 [*] 26-04-2024 08:55:34  incoming request GET /favicon.ico
 [*] 26-04-2024 08:55:34  incoming request GET /login
 [*] 26-04-2024 08:55:34  incoming request GET /favicon.ico
 [*] 26-04-2024 08:55:34  incoming request GET /login
 [*] 26-04-2024 08:55:34  incoming request GET /favicon.ico
 [*] 26-04-2024 08:55:42  incoming request POST /login
 [+] 26-04-2024 08:56:42  servermanager successfully started On Port 3000. Ready to handle incoming requests.
 [+] 26-04-2024 08:56:42  Mongo DB Connected Successfully.....
 [+] 26-04-2024 08:56:42  Database Successfully Conected
 [+] 26-04-2024 08:56:42  Data Was Served..
 [+] 26-04-2024 08:56:42  Mongo DB disconnected Successfully.....
 [*] 26-04-2024 08:56:50  incoming request GET /
 [*] 26-04-2024 08:56:51  incoming request GET /favicon.ico
 [*] 26-04-2024 08:56:56  incoming request GET /login
 [*] 26-04-2024 08:56:56  incoming request GET /favicon.ico
 [+] 26-04-2024 08:57:17  servermanager successfully started On Port 3000. Ready to handle incoming requests.
 [+] 26-04-2024 08:57:17  Mongo DB Connected Successfully.....
 [+] 26-04-2024 08:57:17  Database Successfully Conected
 [+] 26-04-2024 08:57:17  Data Was Served..
 [+] 26-04-2024 08:57:17  Mongo DB disconnected Successfully.....
 [*] 26-04-2024 08:57:26  incoming request POST /user/token
 [*] 26-04-2024 08:57:26  incoming request GET /dashboard
 [*] 26-04-2024 08:57:26  incoming request GET /favicon.ico
 [*] 26-04-2024 08:57:27  incoming request GET /favicon.ico
 [+] 26-04-2024 08:58:01  servermanager successfully started On Port 3000. Ready to handle incoming requests.
 [+] 26-04-2024 08:58:01  Mongo DB Connected Successfully.....
 [+] 26-04-2024 08:58:01  Database Successfully Conected
 [+] 26-04-2024 08:58:01  Data Was Served..
 [+] 26-04-2024 08:58:01  Mongo DB disconnected Successfully.....
 [*] 26-04-2024 08:58:02  incoming request GET /login
 [*] 26-04-2024 08:58:03  incoming request GET /favicon.ico
 [*] 26-04-2024 08:58:04  incoming request POST /login
 [*] 26-04-2024 08:58:05  incoming request POST /login
 [*] 26-04-2024 08:58:05  incoming request POST /login
 [*] 26-04-2024 08:58:05  incoming request POST /login
 [+] 26-04-2024 08:59:03  servermanager successfully started On Port 3000. Ready to handle incoming requests.
 [+] 26-04-2024 08:59:03  Mongo DB Connected Successfully.....
 [+] 26-04-2024 08:59:03  Database Successfully Conected
 [+] 26-04-2024 08:59:03  Data Was Served..
 [+] 26-04-2024 08:59:03  Mongo DB disconnected Successfully.....
 [*] 26-04-2024 08:59:04  incoming request GET /login
 [*] 26-04-2024 08:59:05  incoming request GET /favicon.ico
 [*] 26-04-2024 08:59:06  incoming request POST /login
 [+] 26-04-2024 08:59:35  servermanager successfully started On Port 3000. Ready to handle incoming requests.
 [+] 26-04-2024 08:59:35  Mongo DB Connected Successfully.....
 [+] 26-04-2024 08:59:35  Database Successfully Conected
 [+] 26-04-2024 08:59:35  Data Was Served..
 [+] 26-04-2024 08:59:35  Mongo DB disconnected Successfully.....
 [*] 26-04-2024 08:59:37  incoming request GET /login
 [*] 26-04-2024 08:59:37  incoming request GET /favicon.ico
 [*] 26-04-2024 08:59:38  incoming request POST /login
 [*] 26-04-2024 08:59:49  incoming request POST /login
 [+] 26-04-2024 09:04:49  servermanager successfully started On Port 3000. Ready to handle incoming requests.
 [+] 26-04-2024 09:04:49  Mongo DB Connected Successfully.....
 [+] 26-04-2024 09:04:49  Database Successfully Conected
 [+] 26-04-2024 09:04:49  Data Was Served..
 [+] 26-04-2024 09:04:49  Mongo DB disconnected Successfully.....
 [+] 26-04-2024 09:05:11  servermanager successfully started On Port 3000. Ready to handle incoming requests.
 [+] 26-04-2024 09:05:11  Deleted old log file: 17-04-2024.log
 [+] 26-04-2024 09:05:11  Deleted old log file: 18-04-2024.log
 [+] 26-04-2024 09:05:11  Mongo DB Connected Successfully.....
 [+] 26-04-2024 09:05:11  Database Successfully Conected
 [+] 26-04-2024 09:05:11  Data Was Served..
 [+] 26-04-2024 09:05:11  Mongo DB disconnected Successfully.....
 [+] 26-04-2024 09:27:02  servermanager successfully started On Port 3000. Ready to handle incoming requests.
 [+] 26-04-2024 09:27:02  Mongo DB Connected Successfully.....
 [+] 26-04-2024 09:27:02  Database Successfully Conected
 [+] 26-04-2024 09:27:02  Data Was Served..
 [+] 26-04-2024 09:27:02  Mongo DB disconnected Successfully.....
 [*] 26-04-2024 09:32:48  incoming request GET /
 [*] 26-04-2024 09:32:49  incoming request GET /favicon.ico
 [*] 26-04-2024 09:32:56  incoming request GET /login
 [*] 26-04-2024 09:32:56  incoming request GET /favicon.ico
 [+] 26-04-2024 10:20:57  servermanager successfully started On Port 3000. Ready to handle incoming requests.
 [+] 26-04-2024 10:20:57  Mongo DB Connected Successfully.....
 [+] 26-04-2024 10:20:57  Database Successfully Conected
 [+] 26-04-2024 10:20:57  Data Was Served..
 [+] 26-04-2024 10:20:57  Mongo DB disconnected Successfully.....
 [*] 26-04-2024 10:20:57  incoming request GET /login
 [*] 26-04-2024 10:20:58  incoming request GET /Image/feedback.png
 [*] 26-04-2024 10:20:58  incoming request GET /Js/Index.js
 [*] 26-04-2024 10:20:58  incoming request GET /favicon.ico
 [+] 26-04-2024 10:22:14  servermanager successfully started On Port 3000. Ready to handle incoming requests.
 [+] 26-04-2024 10:22:14  Mongo DB Connected Successfully.....
 [+] 26-04-2024 10:22:14  Database Successfully Conected
 [+] 26-04-2024 10:22:14  Data Was Served..
 [+] 26-04-2024 10:22:14  Mongo DB disconnected Successfully.....
 [+] 26-04-2024 10:22:38  servermanager successfully started On Port 3000. Ready to handle incoming requests.
 [+] 26-04-2024 10:22:38  Mongo DB Connected Successfully.....
 [+] 26-04-2024 10:22:38  Database Successfully Conected
 [+] 26-04-2024 10:22:38  Data Was Served..
 [+] 26-04-2024 10:22:38  Mongo DB disconnected Successfully.....
 [+] 26-04-2024 10:28:05  servermanager successfully started On Port 3000. Ready to handle incoming requests.
 [+] 26-04-2024 10:28:05  Mongo DB Connected Successfully.....
 [+] 26-04-2024 10:28:05  Database Successfully Conected
 [+] 26-04-2024 10:28:05  Data Was Served..
 [+] 26-04-2024 10:28:05  Mongo DB disconnected Successfully.....
 [*] 26-04-2024 10:35:08  incoming request GET /login
 [+] 26-04-2024 10:35:34  servermanager successfully started On Port 3000. Ready to handle incoming requests.
 [+] 26-04-2024 10:35:34  Mongo DB Connected Successfully.....
 [+] 26-04-2024 10:35:34  Database Successfully Conected
 [+] 26-04-2024 10:35:34  Data Was Served..
 [+] 26-04-2024 10:35:34  Mongo DB disconnected Successfully.....
 [*] 26-04-2024 10:36:04  incoming request GET /
 [*] 26-04-2024 10:36:04  incoming request GET /Image/feedback.png
 [*] 26-04-2024 10:36:04  incoming request GET /Js/Index.js
 [*] 26-04-2024 10:36:07  incoming request GET /login
 [*] 26-04-2024 10:36:08  incoming request GET /login
 [*] 26-04-2024 10:36:23  incoming request GET /
 [*] 26-04-2024 10:36:23  incoming request GET /Image/feedback.png
 [*] 26-04-2024 10:36:23  incoming request GET /Js/Index.js
 [*] 26-04-2024 10:36:23  incoming request GET /favicon.ico
 [*] 26-04-2024 10:36:33  incoming request GET /
 [*] 26-04-2024 10:36:33  incoming request GET /Image/feedback.png
 [*] 26-04-2024 10:36:33  incoming request GET /Js/Index.js
 [*] 26-04-2024 10:36:33  incoming request GET /favicon.ico
 [*] 26-04-2024 10:36:46  incoming request GET /
 [*] 26-04-2024 10:36:46  incoming request GET /Image/feedback.png
 [*] 26-04-2024 10:36:46  incoming request GET /Js/Index.js
 [*] 26-04-2024 10:36:46  incoming request GET /favicon.ico
 [*] 26-04-2024 10:36:56  incoming request GET /
 [*] 26-04-2024 10:36:56  incoming request GET /Image/feedback.png
 [*] 26-04-2024 10:36:56  incoming request GET /Js/Index.js
 [*] 26-04-2024 10:36:56  incoming request GET /favicon.ico
 [*] 26-04-2024 10:36:57  incoming request GET /
 [*] 26-04-2024 10:36:57  incoming request GET /Image/feedback.png
 [*] 26-04-2024 10:36:57  incoming request GET /Js/Index.js
 [*] 26-04-2024 10:36:57  incoming request GET /favicon.ico
 [*] 26-04-2024 10:36:57  incoming request GET /
 [*] 26-04-2024 10:36:57  incoming request GET /Image/feedback.png
 [*] 26-04-2024 10:36:57  incoming request GET /Js/Index.js
 [*] 26-04-2024 10:36:57  incoming request GET /favicon.ico
 [*] 26-04-2024 10:36:57  incoming request GET /
 [*] 26-04-2024 10:36:57  incoming request GET /Image/feedback.png
 [*] 26-04-2024 10:36:57  incoming request GET /Js/Index.js
 [*] 26-04-2024 10:36:57  incoming request GET /favicon.ico
 [*] 26-04-2024 10:37:12  incoming request GET /
 [*] 26-04-2024 10:37:12  incoming request GET /Image/feedback.png
 [*] 26-04-2024 10:37:12  incoming request GET /Js/Index.js
 [*] 26-04-2024 10:37:12  incoming request GET /favicon.ico
 [*] 26-04-2024 10:37:12  incoming request GET /
 [*] 26-04-2024 10:37:12  incoming request GET /Image/feedback.png
 [*] 26-04-2024 10:37:12  incoming request GET /Js/Index.js
 [*] 26-04-2024 10:37:12  incoming request GET /favicon.ico
 [*] 26-04-2024 10:37:13  incoming request GET /
 [*] 26-04-2024 10:37:13  incoming request GET /Image/feedback.png
 [*] 26-04-2024 10:37:13  incoming request GET /Js/Index.js
 [*] 26-04-2024 10:37:13  incoming request GET /favicon.ico
 [*] 26-04-2024 10:37:13  incoming request GET /
 [*] 26-04-2024 10:37:13  incoming request GET /Image/feedback.png
 [*] 26-04-2024 10:37:13  incoming request GET /Js/Index.js
 [*] 26-04-2024 10:37:13  incoming request GET /favicon.ico
 [*] 26-04-2024 10:37:13  incoming request GET /
 [*] 26-04-2024 10:37:13  incoming request GET /Image/feedback.png
 [*] 26-04-2024 10:37:13  incoming request GET /Js/Index.js
 [*] 26-04-2024 10:37:13  incoming request GET /favicon.ico
 [*] 26-04-2024 10:37:27  incoming request GET /
 [*] 26-04-2024 10:37:28  incoming request GET /Image/feedback.png
 [*] 26-04-2024 10:37:28  incoming request GET /Js/Index.js
 [*] 26-04-2024 10:37:28  incoming request GET /favicon.ico
 [*] 26-04-2024 10:43:41  incoming request GET /
 [*] 26-04-2024 10:43:41  incoming request GET /Image/feedback.png
 [*] 26-04-2024 10:43:41  incoming request GET /Js/Index.js
 [*] 26-04-2024 10:43:42  incoming request GET /favicon.ico
 [*] 26-04-2024 10:43:49  incoming request GET /
 [*] 26-04-2024 10:43:49  incoming request GET /Image/feedback.png
 [*] 26-04-2024 10:43:49  incoming request GET /Js/Index.js
 [*] 26-04-2024 10:43:49  incoming request GET /favicon.ico
 [*] 26-04-2024 10:43:49  incoming request GET /
 [*] 26-04-2024 10:43:49  incoming request GET /Image/feedback.png
 [*] 26-04-2024 10:43:49  incoming request GET /Js/Index.js
 [*] 26-04-2024 10:43:49  incoming request GET /favicon.ico
 [*] 26-04-2024 10:43:50  incoming request GET /
 [*] 26-04-2024 10:43:50  incoming request GET /Image/feedback.png
 [*] 26-04-2024 10:43:50  incoming request GET /Js/Index.js
 [*] 26-04-2024 10:43:50  incoming request GET /favicon.ico
 [*] 26-04-2024 10:43:50  incoming request GET /
 [*] 26-04-2024 10:43:50  incoming request GET /Image/feedback.png
 [*] 26-04-2024 10:43:50  incoming request GET /Js/Index.js
 [*] 26-04-2024 10:43:50  incoming request GET /favicon.ico
 [*] 26-04-2024 10:43:50  incoming request GET /
 [*] 26-04-2024 10:43:50  incoming request GET /Image/feedback.png
 [*] 26-04-2024 10:43:50  incoming request GET /Js/Index.js
 [*] 26-04-2024 10:43:50  incoming request GET /favicon.ico
 [*] 26-04-2024 10:47:55  incoming request GET /
 [*] 26-04-2024 10:47:55  incoming request GET /favicon.ico
 [*] 26-04-2024 10:48:19  incoming request GET /
 [*] 26-04-2024 10:48:19  incoming request GET /favicon.ico
 [*] 26-04-2024 10:48:41  incoming request GET /
 [*] 26-04-2024 10:48:41  incoming request GET /favicon.ico
 [*] 26-04-2024 10:48:56  incoming request GET /
 [*] 26-04-2024 10:48:57  incoming request GET /favicon.ico
 [*] 26-04-2024 10:49:16  incoming request GET /
 [*] 26-04-2024 10:49:16  incoming request GET /favicon.ico
 [*] 26-04-2024 10:49:28  incoming request GET /
 [*] 26-04-2024 10:49:28  incoming request GET /favicon.ico
 [*] 26-04-2024 10:49:36  incoming request GET /
 [*] 26-04-2024 10:49:36  incoming request GET /favicon.ico
 [*] 26-04-2024 10:49:37  incoming request GET /
 [*] 26-04-2024 10:49:37  incoming request GET /favicon.ico
 [*] 26-04-2024 10:49:37  incoming request GET /
 [*] 26-04-2024 10:49:37  incoming request GET /favicon.ico
 [*] 26-04-2024 10:49:37  incoming request GET /
 [*] 26-04-2024 10:49:37  incoming request GET /favicon.ico
 [*] 26-04-2024 10:49:41  incoming request GET /
 [*] 26-04-2024 10:49:41  incoming request GET /favicon.ico
 [*] 26-04-2024 10:49:42  incoming request GET /
 [*] 26-04-2024 10:49:42  incoming request GET /favicon.ico
 [*] 26-04-2024 10:49:42  incoming request GET /
 [*] 26-04-2024 10:49:42  incoming request GET /favicon.ico
 [*] 26-04-2024 10:49:53  incoming request GET /
 [*] 26-04-2024 10:49:53  incoming request GET /favicon.ico
 [*] 26-04-2024 10:50:17  incoming request GET /
 [*] 26-04-2024 10:50:18  incoming request GET /favicon.ico
 [*] 26-04-2024 10:50:30  incoming request GET /
 [*] 26-04-2024 10:50:30  incoming request GET /favicon.ico
 [*] 26-04-2024 10:50:31  incoming request GET /
 [*] 26-04-2024 10:50:31  incoming request GET /favicon.ico
 [*] 26-04-2024 10:50:32  incoming request GET /
 [*] 26-04-2024 10:50:32  incoming request GET /favicon.ico
 [*] 26-04-2024 11:00:01  incoming request GET /
 [*] 26-04-2024 11:00:01  incoming request GET /favicon.ico
 [*] 26-04-2024 11:00:02  incoming request GET /favicon.ico
 [*] 26-04-2024 11:00:26  incoming request GET /
 [*] 26-04-2024 11:00:26  incoming request GET /favicon.ico
 [*] 26-04-2024 11:00:32  incoming request GET /
 [*] 26-04-2024 11:00:32  incoming request GET /favicon.ico
 [*] 26-04-2024 11:00:59  incoming request GET /
 [*] 26-04-2024 11:00:59  incoming request GET /favicon.ico
 [*] 26-04-2024 11:01:13  incoming request GET /
 [*] 26-04-2024 11:01:13  incoming request GET /favicon.ico
 [*] 26-04-2024 11:01:25  incoming request GET /
 [*] 26-04-2024 11:01:25  incoming request GET /favicon.ico
 [*] 26-04-2024 11:01:30  incoming request GET /
 [*] 26-04-2024 11:01:30  incoming request GET /favicon.ico
 [*] 26-04-2024 11:02:10  incoming request GET /
 [*] 26-04-2024 11:02:10  incoming request GET /favicon.ico
 [*] 26-04-2024 11:02:11  incoming request GET /views/login.pug
 [*] 26-04-2024 11:02:12  incoming request GET /favicon.ico
 [*] 26-04-2024 11:02:26  incoming request GET /views/login.pug
 [*] 26-04-2024 11:02:27  incoming request GET /favicon.ico
 [*] 26-04-2024 11:02:27  incoming request GET /favicon.ico
 [*] 26-04-2024 11:02:28  incoming request GET /views/login.pug
 [*] 26-04-2024 11:02:28  incoming request GET /favicon.ico
 [*] 26-04-2024 11:02:39  incoming request GET /views/login.pug
 [*] 26-04-2024 11:02:39  incoming request GET /favicon.ico
 [*] 26-04-2024 11:02:40  incoming request GET /favicon.ico
 [*] 26-04-2024 11:02:41  incoming request GET /views/login.pug
 [*] 26-04-2024 11:02:41  incoming request GET /favicon.ico
 [*] 26-04-2024 11:03:06  incoming request GET /
 [*] 26-04-2024 11:03:06  incoming request GET /favicon.ico
 [*] 26-04-2024 11:03:10  incoming request GET /login
 [*] 26-04-2024 11:03:10  incoming request GET /Js/Index.js
 [*] 26-04-2024 11:03:10  incoming request GET /Image/feedback.png
 [*] 26-04-2024 11:03:12  incoming request GET /favicon.ico
 [*] 26-04-2024 11:03:49  incoming request GET /signup
 [*] 26-04-2024 11:03:49  incoming request GET /favicon.ico
 [*] 26-04-2024 11:07:20  incoming request GET /
 [*] 26-04-2024 11:07:20  incoming request GET /favicon.ico
 [*] 26-04-2024 11:07:22  incoming request GET /login
 [*] 26-04-2024 11:07:22  incoming request GET /Image/feedback.png
 [*] 26-04-2024 11:07:22  incoming request GET /Js/Index.js
 [*] 26-04-2024 11:07:22  incoming request GET /favicon.ico
 [*] 26-04-2024 11:07:23  incoming request GET /favicon.ico
 [*] 26-04-2024 11:07:24  incoming request GET /Signup
 [*] 26-04-2024 11:07:24  incoming request GET /favicon.ico
 [+] 26-04-2024 11:15:09  servermanager successfully started On Port 3000. Ready to handle incoming requests.
 [+] 26-04-2024 11:15:09  Mongo DB Connected Successfully.....
 [+] 26-04-2024 11:15:09  Database Successfully Conected
 [+] 26-04-2024 11:15:09  Data Was Served..
 [+] 26-04-2024 11:15:09  Mongo DB disconnected Successfully.....
 [*] 26-04-2024 11:15:35  incoming request GET /Signup
 [*] 26-04-2024 11:15:36  incoming request GET /favicon.ico
 [*] 26-04-2024 11:15:39  incoming request GET /favicon.ico
 [*] 26-04-2024 11:15:40  incoming request GET /login
 [*] 26-04-2024 11:15:40  incoming request GET /Image/feedback.png
 [*] 26-04-2024 11:15:40  incoming request GET /Js/Index.js
 [*] 26-04-2024 11:15:40  incoming request GET /favicon.ico
 [*] 26-04-2024 11:15:43  incoming request GET /favicon.ico
 [*] 26-04-2024 11:15:44  incoming request GET /Signup
 [*] 26-04-2024 11:15:44  incoming request GET /favicon.ico
 [*] 26-04-2024 11:15:45  incoming request GET /favicon.ico
 [*] 26-04-2024 11:19:06  incoming request GET /
 [*] 26-04-2024 11:19:07  incoming request GET /favicon.ico
 [*] 26-04-2024 11:19:07  incoming request GET /Signup
 [*] 26-04-2024 11:19:07  incoming request GET /Image/feedback.png
 [*] 26-04-2024 11:19:07  incoming request GET /favicon.ico
 [*] 26-04-2024 11:19:28  incoming request GET /Signup
 [*] 26-04-2024 11:19:28  incoming request GET /Image/feedback.png
 [*] 26-04-2024 11:19:28  incoming request GET /favicon.ico
 [*] 26-04-2024 11:19:34  incoming request GET /favicon.ico
 [*] 26-04-2024 11:19:35  incoming request GET /Signup
 [*] 26-04-2024 11:19:36  incoming request GET /Image/feedback.png
 [*] 26-04-2024 11:19:36  incoming request GET /favicon.ico
 [*] 26-04-2024 11:20:04  incoming request GET /Signup
 [*] 26-04-2024 11:20:04  incoming request GET /Image/feedback.png
 [*] 26-04-2024 11:20:04  incoming request GET /favicon.ico
 [*] 26-04-2024 11:20:06  incoming request GET /Signup
 [*] 26-04-2024 11:20:06  incoming request GET /Image/feedback.png
 [*] 26-04-2024 11:20:06  incoming request GET /favicon.ico
 [*] 26-04-2024 11:20:08  incoming request GET /Signup
 [*] 26-04-2024 11:20:08  incoming request GET /Image/feedback.png
 [*] 26-04-2024 11:20:08  incoming request GET /favicon.ico
 [*] 26-04-2024 11:20:09  incoming request GET /Signup
 [*] 26-04-2024 11:20:09  incoming request GET /Image/feedback.png
 [*] 26-04-2024 11:20:09  incoming request GET /favicon.ico
 [*] 26-04-2024 11:20:36  incoming request GET /Signup
 [*] 26-04-2024 11:20:36  incoming request GET /Image/feedback.png
 [*] 26-04-2024 11:20:36  incoming request GET /favicon.ico
 [*] 26-04-2024 11:21:33  incoming request GET /Signup
 [*] 26-04-2024 11:21:33  incoming request GET /Image/feedback.png
 [*] 26-04-2024 11:21:33  incoming request GET /favicon.ico
 [*] 26-04-2024 11:21:34  incoming request GET /login
 [*] 26-04-2024 11:21:34  incoming request GET /Image/feedback.png
 [*] 26-04-2024 11:21:34  incoming request GET /Js/Index.js
 [*] 26-04-2024 11:21:34  incoming request GET /favicon.ico
 [*] 26-04-2024 11:21:35  incoming request GET /login
 [*] 26-04-2024 11:21:35  incoming request GET /Image/feedback.png
 [*] 26-04-2024 11:21:35  incoming request GET /Js/Index.js
 [*] 26-04-2024 11:21:35  incoming request GET /favicon.ico
 [*] 26-04-2024 11:21:36  incoming request GET /login
 [*] 26-04-2024 11:21:36  incoming request GET /Image/feedback.png
 [*] 26-04-2024 11:21:36  incoming request GET /Js/Index.js
 [*] 26-04-2024 11:21:36  incoming request GET /favicon.ico
 [*] 26-04-2024 11:21:36  incoming request GET /login
 [*] 26-04-2024 11:21:37  incoming request GET /Image/feedback.png
 [*] 26-04-2024 11:21:37  incoming request GET /Js/Index.js
 [*] 26-04-2024 11:21:37  incoming request GET /favicon.ico
 [*] 26-04-2024 11:22:16  incoming request GET /login
 [*] 26-04-2024 11:22:16  incoming request GET /Image/feedback.png
 [*] 26-04-2024 11:22:16  incoming request GET /Js/Index.js
 [*] 26-04-2024 11:22:16  incoming request GET /favicon.ico
 [*] 26-04-2024 11:22:16  incoming request GET /login
 [*] 26-04-2024 11:22:16  incoming request GET /Image/feedback.png
 [*] 26-04-2024 11:22:16  incoming request GET /Js/Index.js
 [*] 26-04-2024 11:22:16  incoming request GET /favicon.ico
 [*] 26-04-2024 11:22:16  incoming request GET /login
 [*] 26-04-2024 11:22:16  incoming request GET /Image/feedback.png
 [*] 26-04-2024 11:22:16  incoming request GET /Js/Index.js
 [*] 26-04-2024 11:22:16  incoming request GET /favicon.ico
 [*] 26-04-2024 11:22:17  incoming request GET /signup
 [*] 26-04-2024 11:22:17  incoming request GET /Image/feedback.png
 [*] 26-04-2024 11:22:17  incoming request GET /favicon.ico
 [*] 26-04-2024 11:22:18  incoming request GET /login
 [*] 26-04-2024 11:22:18  incoming request GET /Image/feedback.png
 [*] 26-04-2024 11:22:18  incoming request GET /Js/Index.js
 [*] 26-04-2024 11:22:18  incoming request GET /favicon.ico
 [*] 26-04-2024 11:22:19  incoming request GET /signup
 [*] 26-04-2024 11:22:19  incoming request GET /Image/feedback.png
 [*] 26-04-2024 11:22:19  incoming request GET /favicon.ico
 [*] 26-04-2024 11:22:20  incoming request GET /login
 [*] 26-04-2024 11:22:20  incoming request GET /Image/feedback.png
 [*] 26-04-2024 11:22:20  incoming request GET /Js/Index.js
 [*] 26-04-2024 11:22:20  incoming request GET /favicon.ico
 [*] 26-04-2024 11:22:21  incoming request GET /login
 [*] 26-04-2024 11:22:21  incoming request GET /Image/feedback.png
 [*] 26-04-2024 11:22:21  incoming request GET /Js/Index.js
 [*] 26-04-2024 11:22:21  incoming request GET /favicon.ico
 [*] 26-04-2024 11:22:21  incoming request GET /login
 [*] 26-04-2024 11:22:21  incoming request GET /Image/feedback.png
 [*] 26-04-2024 11:22:21  incoming request GET /Js/Index.js
 [*] 26-04-2024 11:22:21  incoming request GET /favicon.ico
 [*] 26-04-2024 11:22:21  incoming request GET /login
 [*] 26-04-2024 11:22:21  incoming request GET /Image/feedback.png
 [*] 26-04-2024 11:22:21  incoming request GET /Js/Index.js
 [*] 26-04-2024 11:22:21  incoming request GET /favicon.ico
 [*] 26-04-2024 11:22:21  incoming request GET /login
 [*] 26-04-2024 11:22:22  incoming request GET /Image/feedback.png
 [*] 26-04-2024 11:22:22  incoming request GET /Js/Index.js
 [*] 26-04-2024 11:22:22  incoming request GET /favicon.ico
 [*] 26-04-2024 11:22:22  incoming request GET /signup
 [*] 26-04-2024 11:22:22  incoming request GET /Image/feedback.png
 [*] 26-04-2024 11:22:22  incoming request GET /favicon.ico
 [+] 26-04-2024 13:28:26  servermanager successfully started On Port 3000. Ready to handle incoming requests.
 [+] 26-04-2024 13:28:26  Deleted old log file: 19-04-2024.log
 [+] 26-04-2024 13:28:26  Mongo DB Connected Successfully.....
 [+] 26-04-2024 13:28:26  Database Successfully Conected
 [+] 26-04-2024 13:28:26  Data Was Served..
 [+] 26-04-2024 13:28:26  Mongo DB disconnected Successfully.....
 [*] 26-04-2024 13:28:32  incoming request GET /login
 [*] 26-04-2024 13:28:34  incoming request GET /Image/feedback.png
 [*] 26-04-2024 13:28:34  incoming request GET /Js/Index.js
 [*] 26-04-2024 13:28:36  incoming request GET /favicon.ico
 [*] 26-04-2024 13:28:39  incoming request GET /login
 [*] 26-04-2024 13:28:39  incoming request GET /Image/feedback.png
 [*] 26-04-2024 13:28:39  incoming request GET /Js/Index.js
 [*] 26-04-2024 13:28:39  incoming request GET /favicon.ico
 [*] 26-04-2024 13:28:40  incoming request GET /login
 [*] 26-04-2024 13:28:40  incoming request GET /Image/feedback.png
 [*] 26-04-2024 13:28:40  incoming request GET /Js/Index.js
 [*] 26-04-2024 13:28:40  incoming request GET /favicon.ico
 [*] 26-04-2024 13:28:41  incoming request GET /login
 [*] 26-04-2024 13:28:41  incoming request GET /Image/feedback.png
 [*] 26-04-2024 13:28:41  incoming request GET /Js/Index.js
 [*] 26-04-2024 13:28:41  incoming request GET /favicon.ico
 [*] 26-04-2024 13:29:04  incoming request GET /login
 [*] 26-04-2024 13:29:04  incoming request GET /Image/feedback.png
 [*] 26-04-2024 13:29:04  incoming request GET /Js/Index.js
 [*] 26-04-2024 13:29:05  incoming request GET /favicon.ico
 [*] 26-04-2024 13:29:25  incoming request GET /login
 [*] 26-04-2024 13:29:25  incoming request GET /Image/feedback.png
 [*] 26-04-2024 13:29:25  incoming request GET /Js/Index.js
 [*] 26-04-2024 13:29:25  incoming request GET /favicon.ico
 [*] 26-04-2024 13:29:27  incoming request GET /login
 [*] 26-04-2024 13:29:27  incoming request GET /Image/feedback.png
 [*] 26-04-2024 13:29:27  incoming request GET /Js/Index.js
 [*] 26-04-2024 13:29:27  incoming request GET /favicon.ico
 [*] 26-04-2024 13:29:28  incoming request GET /login
 [*] 26-04-2024 13:29:28  incoming request GET /Image/feedback.png
 [*] 26-04-2024 13:29:28  incoming request GET /Js/Index.js
 [*] 26-04-2024 13:29:28  incoming request GET /favicon.ico
 [*] 26-04-2024 13:29:28  incoming request GET /login
 [*] 26-04-2024 13:29:28  incoming request GET /Image/feedback.png
 [*] 26-04-2024 13:29:28  incoming request GET /Js/Index.js
 [*] 26-04-2024 13:29:28  incoming request GET /favicon.ico
 [*] 26-04-2024 13:29:28  incoming request GET /login
 [*] 26-04-2024 13:29:28  incoming request GET /Image/feedback.png
 [*] 26-04-2024 13:29:28  incoming request GET /Js/Index.js
 [*] 26-04-2024 13:29:29  incoming request GET /login
 [*] 26-04-2024 13:29:29  incoming request GET /favicon.ico
 [*] 26-04-2024 13:29:29  incoming request GET /Image/feedback.png
 [*] 26-04-2024 13:29:29  incoming request GET /Js/Index.js
 [*] 26-04-2024 13:29:29  incoming request GET /login
 [*] 26-04-2024 13:29:29  incoming request GET /Js/Index.js
 [*] 26-04-2024 13:29:29  incoming request GET /Image/feedback.png
 [*] 26-04-2024 13:29:29  incoming request GET /favicon.ico
 [+] 26-04-2024 13:31:03  servermanager successfully started On Port 3000. Ready to handle incoming requests.
 [*] 26-04-2024 13:31:03  incoming request GET /login
 [+] 26-04-2024 13:31:03  Mongo DB Connected Successfully.....
 [+] 26-04-2024 13:31:03  Database Successfully Conected
 [+] 26-04-2024 13:31:03  Data Was Served..
 [+] 26-04-2024 13:31:03  Mongo DB disconnected Successfully.....
 [*] 26-04-2024 13:31:03  incoming request GET /Image/feedback.png
 [*] 26-04-2024 13:31:03  incoming request GET /Js/Index.js
 [*] 26-04-2024 13:31:03  incoming request GET /favicon.ico
 [*] 26-04-2024 13:31:03  incoming request GET /login
 [*] 26-04-2024 13:31:04  incoming request GET /Image/feedback.png
 [*] 26-04-2024 13:31:04  incoming request GET /Js/Index.js
 [*] 26-04-2024 13:31:04  incoming request GET /favicon.ico
 [*] 26-04-2024 13:31:04  incoming request GET /login
 [*] 26-04-2024 13:31:04  incoming request GET /Image/feedback.png
 [*] 26-04-2024 13:31:04  incoming request GET /Js/Index.js
 [*] 26-04-2024 13:31:04  incoming request GET /favicon.ico
 [*] 26-04-2024 13:31:05  incoming request GET /login
 [*] 26-04-2024 13:31:05  incoming request GET /Image/feedback.png
 [*] 26-04-2024 13:31:05  incoming request GET /Js/Index.js
 [*] 26-04-2024 13:31:05  incoming request GET /favicon.ico
 [*] 26-04-2024 13:31:05  incoming request GET /login
 [*] 26-04-2024 13:31:05  incoming request GET /Image/feedback.png
 [*] 26-04-2024 13:31:05  incoming request GET /Js/Index.js
 [*] 26-04-2024 13:31:05  incoming request GET /favicon.ico
 [*] 26-04-2024 13:31:06  incoming request GET /login
 [*] 26-04-2024 13:31:06  incoming request GET /Image/feedback.png
 [*] 26-04-2024 13:31:06  incoming request GET /Js/Index.js
 [*] 26-04-2024 13:31:06  incoming request GET /favicon.ico
 [*] 26-04-2024 13:31:06  incoming request GET /login
 [*] 26-04-2024 13:31:06  incoming request GET /Image/feedback.png
 [*] 26-04-2024 13:31:06  incoming request GET /Js/Index.js
 [*] 26-04-2024 13:31:06  incoming request GET /favicon.ico
 [*] 26-04-2024 13:31:06  incoming request GET /login
 [*] 26-04-2024 13:31:06  incoming request GET /Image/feedback.png
 [*] 26-04-2024 13:31:06  incoming request GET /Js/Index.js
 [*] 26-04-2024 13:31:06  incoming request GET /favicon.ico
 [*] 26-04-2024 13:31:06  incoming request GET /login
 [*] 26-04-2024 13:31:06  incoming request GET /Image/feedback.png
 [*] 26-04-2024 13:31:06  incoming request GET /Js/Index.js
 [*] 26-04-2024 13:31:06  incoming request GET /favicon.ico
 [*] 26-04-2024 13:31:06  incoming request GET /login
 [*] 26-04-2024 13:31:06  incoming request GET /Image/feedback.png
 [*] 26-04-2024 13:31:06  incoming request GET /Js/Index.js
 [*] 26-04-2024 13:31:07  incoming request GET /favicon.ico
 [*] 26-04-2024 13:31:07  incoming request GET /login
 [*] 26-04-2024 13:31:07  incoming request GET /Image/feedback.png
 [*] 26-04-2024 13:31:07  incoming request GET /Js/Index.js
 [*] 26-04-2024 13:31:07  incoming request GET /favicon.ico
 [*] 26-04-2024 13:31:07  incoming request GET /signup
 [*] 26-04-2024 13:31:08  incoming request GET /Image/feedback.png
 [*] 26-04-2024 13:31:08  incoming request GET /favicon.ico
 [*] 26-04-2024 13:31:13  incoming request GET /favicon.ico
 [*] 26-04-2024 13:31:15  incoming request GET /login
 [*] 26-04-2024 13:31:15  incoming request GET /Image/feedback.png
 [*] 26-04-2024 13:31:15  incoming request GET /Js/Index.js
 [*] 26-04-2024 13:31:15  incoming request GET /favicon.ico
 [*] 26-04-2024 13:31:15  incoming request GET /login
 [*] 26-04-2024 13:31:15  incoming request GET /Image/feedback.png
 [*] 26-04-2024 13:31:15  incoming request GET /Js/Index.js
 [*] 26-04-2024 13:31:15  incoming request GET /favicon.ico
 [*] 26-04-2024 13:31:16  incoming request GET /login
 [*] 26-04-2024 13:31:16  incoming request GET /Image/feedback.png
 [*] 26-04-2024 13:31:16  incoming request GET /Js/Index.js
 [*] 26-04-2024 13:31:16  incoming request GET /favicon.ico
 [*] 26-04-2024 13:31:16  incoming request GET /login
 [*] 26-04-2024 13:31:16  incoming request GET /Image/feedback.png
 [*] 26-04-2024 13:31:16  incoming request GET /Js/Index.js
 [*] 26-04-2024 13:31:16  incoming request GET /favicon.ico
 [*] 26-04-2024 13:31:16  incoming request GET /login
 [*] 26-04-2024 13:31:16  incoming request GET /Image/feedback.png
 [*] 26-04-2024 13:31:16  incoming request GET /Js/Index.js
 [*] 26-04-2024 13:31:16  incoming request GET /favicon.ico
 [*] 26-04-2024 13:31:17  incoming request GET /login
 [*] 26-04-2024 13:31:20  incoming request GET /sourceMap/chrome/css/download_scan_popup.css.map
 [*] 26-04-2024 13:31:55  incoming request GET /sourceMap/chrome/css/interactive_balloon.css.map
 [*] 26-04-2024 13:31:55  incoming request GET /sourceMap/chrome/css/download_scan_popup.css.map
 [*] 26-04-2024 13:31:58  incoming request GET /login
 [*] 26-04-2024 13:31:58  incoming request GET /Image/feedback.png
 [*] 26-04-2024 13:31:58  incoming request GET /Js/Index.js
 [*] 26-04-2024 13:31:58  incoming request GET /favicon.ico
 [*] 26-04-2024 13:31:59  incoming request GET /login
 [*] 26-04-2024 13:31:59  incoming request GET /Image/feedback.png
 [*] 26-04-2024 13:31:59  incoming request GET /Js/Index.js
 [*] 26-04-2024 13:31:59  incoming request GET /favicon.ico
 [*] 26-04-2024 13:31:59  incoming request GET /login
 [*] 26-04-2024 13:31:59  incoming request GET /Image/feedback.png
 [*] 26-04-2024 13:31:59  incoming request GET /Js/Index.js
 [*] 26-04-2024 13:32:00  incoming request GET /favicon.ico
 [*] 26-04-2024 13:32:00  incoming request GET /login
 [*] 26-04-2024 13:32:00  incoming request GET /Image/feedback.png
 [*] 26-04-2024 13:32:00  incoming request GET /Js/Index.js
 [*] 26-04-2024 13:32:00  incoming request GET /favicon.ico
 [*] 26-04-2024 13:32:00  incoming request GET /login
 [*] 26-04-2024 13:32:00  incoming request GET /Image/feedback.png
 [*] 26-04-2024 13:32:00  incoming request GET /Js/Index.js
 [*] 26-04-2024 13:32:00  incoming request GET /favicon.ico
 [*] 26-04-2024 13:32:00  incoming request GET /login
 [*] 26-04-2024 13:32:00  incoming request GET /Image/feedback.png
 [*] 26-04-2024 13:32:00  incoming request GET /Js/Index.js
 [*] 26-04-2024 13:32:00  incoming request GET /favicon.ico
 [*] 26-04-2024 13:32:00  incoming request GET /login
 [*] 26-04-2024 13:32:00  incoming request GET /Image/feedback.png
 [*] 26-04-2024 13:32:00  incoming request GET /Js/Index.js
 [*] 26-04-2024 13:32:00  incoming request GET /favicon.ico
 [*] 26-04-2024 13:32:00  incoming request GET /login
 [*] 26-04-2024 13:32:00  incoming request GET /Image/feedback.png
 [*] 26-04-2024 13:32:00  incoming request GET /Js/Index.js
 [*] 26-04-2024 13:32:00  incoming request GET /favicon.ico
 [*] 26-04-2024 13:32:01  incoming request GET /login
 [*] 26-04-2024 13:32:01  incoming request GET /Image/feedback.png
 [*] 26-04-2024 13:32:01  incoming request GET /Js/Index.js
 [*] 26-04-2024 13:32:01  incoming request GET /favicon.ico
 [*] 26-04-2024 13:32:01  incoming request GET /login
 [*] 26-04-2024 13:32:01  incoming request GET /Image/feedback.png
 [*] 26-04-2024 13:32:01  incoming request GET /Js/Index.js
 [*] 26-04-2024 13:32:01  incoming request GET /favicon.ico
 [*] 26-04-2024 13:32:01  incoming request GET /login
 [*] 26-04-2024 13:32:01  incoming request GET /Image/feedback.png
 [*] 26-04-2024 13:32:01  incoming request GET /Js/Index.js
 [*] 26-04-2024 13:32:01  incoming request GET /favicon.ico
 [*] 26-04-2024 13:32:01  incoming request GET /login
 [*] 26-04-2024 13:32:01  incoming request GET /Image/feedback.png
 [*] 26-04-2024 13:32:01  incoming request GET /Js/Index.js
 [*] 26-04-2024 13:32:01  incoming request GET /favicon.ico
 [*] 26-04-2024 13:32:01  incoming request GET /login
 [*] 26-04-2024 13:32:01  incoming request GET /Image/feedback.png
 [*] 26-04-2024 13:32:01  incoming request GET /Js/Index.js
 [*] 26-04-2024 13:32:01  incoming request GET /favicon.ico
 [*] 26-04-2024 13:32:01  incoming request GET /login
 [*] 26-04-2024 13:32:01  incoming request GET /Image/feedback.png
 [*] 26-04-2024 13:32:01  incoming request GET /Js/Index.js
 [*] 26-04-2024 13:32:02  incoming request GET /favicon.ico
 [*] 26-04-2024 13:32:02  incoming request GET /login
 [*] 26-04-2024 13:32:02  incoming request GET /Image/feedback.png
 [*] 26-04-2024 13:32:02  incoming request GET /Js/Index.js
 [*] 26-04-2024 13:32:02  incoming request GET /favicon.ico
 [*] 26-04-2024 13:32:26  incoming request GET /login
 [*] 26-04-2024 13:32:27  incoming request GET /Image/feedback.png
 [*] 26-04-2024 13:32:27  incoming request GET /Js/Index.js
 [*] 26-04-2024 13:32:27  incoming request GET /favicon.ico
 [*] 26-04-2024 13:32:27  incoming request GET /login
 [*] 26-04-2024 13:32:27  incoming request GET /Image/feedback.png
 [*] 26-04-2024 13:32:27  incoming request GET /Js/Index.js
 [*] 26-04-2024 13:32:27  incoming request GET /favicon.ico
 [*] 26-04-2024 13:32:28  incoming request GET /login
 [*] 26-04-2024 13:32:28  incoming request GET /Image/feedback.png
 [*] 26-04-2024 13:32:28  incoming request GET /Js/Index.js
 [*] 26-04-2024 13:32:28  incoming request GET /favicon.ico
 [*] 26-04-2024 13:32:28  incoming request GET /login
 [*] 26-04-2024 13:32:28  incoming request GET /Image/feedback.png
 [*] 26-04-2024 13:32:28  incoming request GET /Js/Index.js
 [*] 26-04-2024 13:32:28  incoming request GET /favicon.ico
 [*] 26-04-2024 13:32:28  incoming request GET /login
 [*] 26-04-2024 13:32:29  incoming request GET /Image/feedback.png
 [*] 26-04-2024 13:32:29  incoming request GET /Js/Index.js
 [*] 26-04-2024 13:32:29  incoming request GET /favicon.ico
 [*] 26-04-2024 13:32:49  incoming request GET /login
 [*] 26-04-2024 13:32:49  incoming request GET /Image/feedback.png
 [*] 26-04-2024 13:32:49  incoming request GET /Js/Index.js
 [*] 26-04-2024 13:32:49  incoming request GET /favicon.ico
 [*] 26-04-2024 13:32:49  incoming request GET /login
 [*] 26-04-2024 13:32:49  incoming request GET /Image/feedback.png
 [*] 26-04-2024 13:32:49  incoming request GET /Js/Index.js
 [*] 26-04-2024 13:32:49  incoming request GET /favicon.ico
 [*] 26-04-2024 13:32:49  incoming request GET /login
 [*] 26-04-2024 13:32:49  incoming request GET /Image/feedback.png
 [*] 26-04-2024 13:32:49  incoming request GET /Js/Index.js
 [*] 26-04-2024 13:32:50  incoming request GET /favicon.ico
 [*] 26-04-2024 13:32:50  incoming request GET /signup
 [*] 26-04-2024 13:32:50  incoming request GET /Image/feedback.png
 [*] 26-04-2024 13:32:50  incoming request GET /favicon.ico
 [*] 26-04-2024 13:32:51  incoming request GET /login
 [*] 26-04-2024 13:32:51  incoming request GET /Image/feedback.png
 [*] 26-04-2024 13:32:51  incoming request GET /Js/Index.js
 [*] 26-04-2024 13:32:51  incoming request GET /favicon.ico
 [*] 26-04-2024 13:32:55  incoming request GET /login
 [*] 26-04-2024 13:32:55  incoming request GET /Image/feedback.png
 [*] 26-04-2024 13:32:55  incoming request GET /Js/Index.js
 [*] 26-04-2024 13:32:55  incoming request GET /favicon.ico
 [*] 26-04-2024 13:33:34  incoming request GET /favicon.ico
 [*] 26-04-2024 13:33:35  incoming request GET /favicon.ico
 [*] 26-04-2024 13:33:35  incoming request GET /
 [*] 26-04-2024 13:33:36  incoming request GET /favicon.ico
 [+] 26-04-2024 13:38:20  servermanager successfully started On Port 3000. Ready to handle incoming requests.
 [*] 26-04-2024 13:38:20  incoming request GET /
 [+] 26-04-2024 13:38:21  Mongo DB Connected Successfully.....
 [+] 26-04-2024 13:38:21  Database Successfully Conected
 [+] 26-04-2024 13:38:21  Data Was Served..
 [+] 26-04-2024 13:38:21  Mongo DB disconnected Successfully.....
 [*] 26-04-2024 13:38:21  incoming request GET /favicon.ico
 [*] 26-04-2024 13:38:22  incoming request GET /login
 [*] 26-04-2024 13:38:22  incoming request GET /Image/feedback.png
 [*] 26-04-2024 13:38:22  incoming request GET /Js/Index.js
 [*] 26-04-2024 13:38:22  incoming request GET /favicon.ico
 [*] 26-04-2024 13:38:24  incoming request GET /login
 [*] 26-04-2024 13:38:24  incoming request GET /Js/Index.js
 [*] 26-04-2024 13:38:24  incoming request GET /Image/feedback.png
 [*] 26-04-2024 13:38:24  incoming request GET /favicon.ico
 [*] 26-04-2024 13:38:25  incoming request GET /login
 [*] 26-04-2024 13:38:25  incoming request GET /Image/feedback.png
 [*] 26-04-2024 13:38:25  incoming request GET /Js/Index.js
 [*] 26-04-2024 13:38:25  incoming request GET /favicon.ico
 [*] 26-04-2024 13:38:25  incoming request GET /login
 [*] 26-04-2024 13:38:25  incoming request GET /Image/feedback.png
 [*] 26-04-2024 13:38:25  incoming request GET /Js/Index.js
 [*] 26-04-2024 13:38:25  incoming request GET /favicon.ico
 [*] 26-04-2024 13:38:26  incoming request GET /login
 [*] 26-04-2024 13:38:26  incoming request GET /Image/feedback.png
 [*] 26-04-2024 13:38:26  incoming request GET /Js/Index.js
 [*] 26-04-2024 13:38:26  incoming request GET /favicon.ico
 [*] 26-04-2024 13:38:26  incoming request GET /login
 [*] 26-04-2024 13:38:26  incoming request GET /Image/feedback.png
 [*] 26-04-2024 13:38:26  incoming request GET /Js/Index.js
 [*] 26-04-2024 13:38:26  incoming request GET /favicon.ico
 [*] 26-04-2024 13:39:42  incoming request GET /
 [*] 26-04-2024 13:39:49  incoming request GET /favicon.ico
 [*] 26-04-2024 13:39:51  incoming request GET /login
 [*] 26-04-2024 13:39:51  incoming request GET /Js/Index.js
 [*] 26-04-2024 13:39:51  incoming request GET /favicon.ico
 [*] 26-04-2024 13:39:52  incoming request GET /login
 [*] 26-04-2024 13:39:52  incoming request GET /Js/Index.js
 [*] 26-04-2024 13:39:52  incoming request GET /favicon.ico
 [*] 26-04-2024 13:39:54  incoming request GET /login
 [*] 26-04-2024 13:39:54  incoming request GET /Js/Index.js
 [*] 26-04-2024 13:39:54  incoming request GET /favicon.ico
 [*] 26-04-2024 13:40:05  incoming request GET /login
 [*] 26-04-2024 13:40:06  incoming request GET /Js/Index.js
 [*] 26-04-2024 13:40:06  incoming request GET /favicon.ico
 [*] 26-04-2024 13:40:17  incoming request GET /login
 [*] 26-04-2024 13:40:17  incoming request GET /Js/Index.js
 [*] 26-04-2024 13:40:17  incoming request GET /favicon.ico
 [*] 26-04-2024 13:40:18  incoming request GET /login
 [*] 26-04-2024 13:40:18  incoming request GET /Js/Index.js
 [*] 26-04-2024 13:40:18  incoming request GET /favicon.ico
 [*] 26-04-2024 13:40:18  incoming request GET /login
 [*] 26-04-2024 13:40:18  incoming request GET /Js/Index.js
 [*] 26-04-2024 13:40:18  incoming request GET /favicon.ico
 [*] 26-04-2024 13:40:18  incoming request GET /login
 [*] 26-04-2024 13:40:18  incoming request GET /Js/Index.js
 [*] 26-04-2024 13:40:18  incoming request GET /favicon.ico
 [*] 26-04-2024 13:40:18  incoming request GET /login
 [*] 26-04-2024 13:40:19  incoming request GET /Js/Index.js
 [*] 26-04-2024 13:40:19  incoming request GET /favicon.ico
 [*] 26-04-2024 13:40:19  incoming request GET /login
 [*] 26-04-2024 13:40:19  incoming request GET /Js/Index.js
 [*] 26-04-2024 13:40:19  incoming request GET /favicon.ico
 [*] 26-04-2024 13:40:19  incoming request GET /login
 [*] 26-04-2024 13:40:19  incoming request GET /Js/Index.js
 [*] 26-04-2024 13:40:19  incoming request GET /favicon.ico
 [*] 26-04-2024 13:40:19  incoming request GET /login
 [*] 26-04-2024 13:40:19  incoming request GET /Js/Index.js
 [*] 26-04-2024 13:40:19  incoming request GET /favicon.ico
 [*] 26-04-2024 13:40:19  incoming request GET /login
 [*] 26-04-2024 13:40:19  incoming request GET /Js/Index.js
 [*] 26-04-2024 13:40:19  incoming request GET /favicon.ico
 [*] 26-04-2024 13:41:38  incoming request GET /login
 [*] 26-04-2024 13:41:38  incoming request GET /favicon.ico
 [*] 26-04-2024 13:41:40  incoming request GET /login
 [*] 26-04-2024 13:41:40  incoming request GET /favicon.ico
 [*] 26-04-2024 13:41:51  incoming request GET /login
 [*] 26-04-2024 13:41:51  incoming request GET /favicon.ico
 [*] 26-04-2024 13:41:51  incoming request GET /login
 [*] 26-04-2024 13:41:51  incoming request GET /favicon.ico
 [*] 26-04-2024 13:41:51  incoming request GET /login
 [*] 26-04-2024 13:41:51  incoming request GET /favicon.ico
 [*] 26-04-2024 13:41:52  incoming request GET /login
 [*] 26-04-2024 13:41:52  incoming request GET /favicon.ico
 [*] 26-04-2024 13:41:52  incoming request GET /login
 [*] 26-04-2024 13:41:52  incoming request GET /favicon.ico
 [*] 26-04-2024 13:41:52  incoming request GET /login
 [*] 26-04-2024 13:41:52  incoming request GET /favicon.ico
 [*] 26-04-2024 13:41:52  incoming request GET /login
 [*] 26-04-2024 13:41:52  incoming request GET /favicon.ico
 [*] 26-04-2024 13:41:52  incoming request GET /login
 [*] 26-04-2024 13:41:52  incoming request GET /favicon.ico
 [*] 26-04-2024 13:41:52  incoming request GET /login
 [*] 26-04-2024 13:41:52  incoming request GET /favicon.ico
 [*] 26-04-2024 13:41:53  incoming request GET /login
 [*] 26-04-2024 13:41:53  incoming request GET /favicon.ico
 [*] 26-04-2024 13:41:53  incoming request GET /login
 [*] 26-04-2024 13:41:53  incoming request GET /favicon.ico
 [*] 26-04-2024 13:41:53  incoming request GET /login
 [*] 26-04-2024 13:41:53  incoming request GET /favicon.ico
 [*] 26-04-2024 13:41:53  incoming request GET /login
 [*] 26-04-2024 13:41:53  incoming request GET /favicon.ico
 [*] 26-04-2024 13:41:53  incoming request GET /login
 [*] 26-04-2024 13:41:54  incoming request GET /favicon.ico
 [*] 26-04-2024 13:41:54  incoming request GET /login
 [*] 26-04-2024 13:41:54  incoming request GET /favicon.ico
 [*] 26-04-2024 13:41:54  incoming request GET /login
 [*] 26-04-2024 13:41:54  incoming request GET /favicon.ico
 [*] 26-04-2024 13:41:54  incoming request GET /login
 [*] 26-04-2024 13:41:54  incoming request GET /favicon.ico
 [*] 26-04-2024 13:41:54  incoming request GET /login
 [*] 26-04-2024 13:41:55  incoming request GET /favicon.ico
 [*] 26-04-2024 13:41:55  incoming request GET /login
 [*] 26-04-2024 13:41:55  incoming request GET /favicon.ico
 [*] 26-04-2024 13:44:49  incoming request GET /login
 [*] 26-04-2024 13:44:49  incoming request GET /favicon.ico
 [*] 26-04-2024 13:44:50  incoming request GET /login
 [*] 26-04-2024 13:44:50  incoming request GET /favicon.ico
 [*] 26-04-2024 13:44:50  incoming request GET /login
 [*] 26-04-2024 13:44:51  incoming request GET /favicon.ico
 [*] 26-04-2024 13:44:51  incoming request GET /login
 [*] 26-04-2024 13:44:51  incoming request GET /favicon.ico
 [*] 26-04-2024 13:44:51  incoming request GET /login
 [*] 26-04-2024 13:44:51  incoming request GET /favicon.ico
 [*] 26-04-2024 13:44:51  incoming request GET /login
 [*] 26-04-2024 13:44:51  incoming request GET /favicon.ico
 [*] 26-04-2024 13:44:52  incoming request GET /login
 [*] 26-04-2024 13:44:52  incoming request GET /favicon.ico
 [*] 26-04-2024 13:44:52  incoming request GET /login
 [*] 26-04-2024 13:44:52  incoming request GET /favicon.ico
 [+] 26-04-2024 13:45:26  servermanager successfully started On Port 3000. Ready to handle incoming requests.
 [+] 26-04-2024 13:45:26  Mongo DB Connected Successfully.....
 [+] 26-04-2024 13:45:26  Database Successfully Conected
 [+] 26-04-2024 13:45:26  Data Was Served..
 [+] 26-04-2024 13:45:26  Mongo DB disconnected Successfully.....
 [*] 26-04-2024 13:45:29  incoming request GET /login
 [*] 26-04-2024 13:45:30  incoming request GET /favicon.ico
 [*] 26-04-2024 13:45:30  incoming request GET /login
 [*] 26-04-2024 13:45:30  incoming request GET /favicon.ico
 [*] 26-04-2024 13:45:30  incoming request GET /login
 [*] 26-04-2024 13:45:30  incoming request GET /favicon.ico
 [*] 26-04-2024 13:45:30  incoming request GET /login
 [*] 26-04-2024 13:45:30  incoming request GET /favicon.ico
 [*] 26-04-2024 13:45:30  incoming request GET /login
 [*] 26-04-2024 13:45:30  incoming request GET /favicon.ico
 [*] 26-04-2024 13:45:30  incoming request GET /login
 [*] 26-04-2024 13:45:30  incoming request GET /favicon.ico
 [*] 26-04-2024 13:45:31  incoming request GET /login
 [*] 26-04-2024 13:45:31  incoming request GET /favicon.ico
 [*] 26-04-2024 13:45:33  incoming request GET /favicon.ico
 [*] 26-04-2024 13:45:33  incoming request GET /favicon.ico
 [*] 26-04-2024 13:46:30  incoming request GET /favicon.ico
 [*] 26-04-2024 13:46:30  incoming request GET /favicon.ico
 [*] 26-04-2024 13:46:33  incoming request GET /login
 [*] 26-04-2024 13:46:34  incoming request GET /favicon.ico
 [*] 26-04-2024 13:46:34  incoming request GET /login
 [*] 26-04-2024 13:46:34  incoming request GET /favicon.ico
 [*] 26-04-2024 13:46:35  incoming request GET /login
 [*] 26-04-2024 13:46:35  incoming request GET /favicon.ico
 [*] 26-04-2024 13:46:35  incoming request GET /login
 [*] 26-04-2024 13:46:35  incoming request GET /favicon.ico
 [*] 26-04-2024 13:46:35  incoming request GET /login
 [*] 26-04-2024 13:46:35  incoming request GET /favicon.ico
 [*] 26-04-2024 13:46:35  incoming request GET /login
 [*] 26-04-2024 13:46:36  incoming request GET /favicon.ico
 [*] 26-04-2024 13:46:36  incoming request GET /login
 [*] 26-04-2024 13:46:36  incoming request GET /favicon.ico
 [*] 26-04-2024 13:48:02  incoming request GET /login
 [*] 26-04-2024 13:48:02  incoming request GET /favicon.ico
 [*] 26-04-2024 13:48:03  incoming request GET /login
 [*] 26-04-2024 13:48:03  incoming request GET /favicon.ico
 [*] 26-04-2024 13:48:03  incoming request GET /login
 [*] 26-04-2024 13:48:03  incoming request GET /favicon.ico
 [*] 26-04-2024 13:48:03  incoming request GET /login
 [*] 26-04-2024 13:48:03  incoming request GET /favicon.ico
 [*] 26-04-2024 13:48:03  incoming request GET /login
 [*] 26-04-2024 13:48:04  incoming request GET /favicon.ico
 [*] 26-04-2024 13:48:04  incoming request GET /login
 [*] 26-04-2024 13:48:04  incoming request GET /favicon.ico
 [*] 26-04-2024 13:48:04  incoming request GET /login
 [*] 26-04-2024 13:48:04  incoming request GET /favicon.ico
 [*] 26-04-2024 13:49:18  incoming request GET /login
 [*] 26-04-2024 13:49:18  incoming request GET /favicon.ico
 [*] 26-04-2024 13:49:22  incoming request GET /
 [*] 26-04-2024 13:49:23  incoming request GET /favicon.ico
 [*] 26-04-2024 13:49:24  incoming request GET /login
 [*] 26-04-2024 13:49:24  incoming request GET /favicon.ico
 [*] 26-04-2024 13:50:09  incoming request GET /favicon.ico
 [*] 26-04-2024 13:50:17  incoming request GET /login
 [*] 26-04-2024 13:50:17  incoming request GET /favicon.ico
 [*] 26-04-2024 13:51:47  incoming request GET /login
 [*] 26-04-2024 13:51:47  incoming request GET /favicon.ico
 [*] 26-04-2024 13:51:47  incoming request GET /login
 [*] 26-04-2024 13:51:47  incoming request GET /favicon.ico
 [+] 26-04-2024 13:54:05  servermanager successfully started On Port 3000. Ready to handle incoming requests.
 [+] 26-04-2024 13:54:05  Mongo DB Connected Successfully.....
 [+] 26-04-2024 13:54:05  Database Successfully Conected
 [+] 26-04-2024 13:54:05  Data Was Served..
 [+] 26-04-2024 13:54:05  Mongo DB disconnected Successfully.....
 [*] 26-04-2024 13:54:05  incoming request GET /login
 [*] 26-04-2024 13:54:29  incoming request GET /favicon.ico
 [*] 26-04-2024 13:54:35  incoming request GET /
 [*] 26-04-2024 13:54:35  incoming request GET /favicon.ico
 [*] 26-04-2024 13:54:36  incoming request GET /login
 [*] 26-04-2024 13:54:37  incoming request GET /favicon.ico
 [*] 26-04-2024 13:55:32  incoming request GET /login
 [*] 26-04-2024 13:55:32  incoming request GET /favicon.ico
 [*] 26-04-2024 13:55:33  incoming request GET /login
 [*] 26-04-2024 13:55:33  incoming request GET /favicon.ico
 [*] 26-04-2024 13:55:33  incoming request GET /login
 [*] 26-04-2024 13:55:33  incoming request GET /favicon.ico