[+] 23-04-2024 11:20:41  servermanager successfully started On Port 3000. Ready to handle incoming requests.
 [+] 23-04-2024 11:20:41  Mongo DB Connected Successfully.....
 [+] 23-04-2024 11:20:41  Database Successfully Conected
 [+] 23-04-2024 11:20:41  Data Was Served..
 [+] 23-04-2024 11:20:41  Mongo DB disconnected Successfully.....
 [*] 23-04-2024 11:20:48  incoming request POST /movies/banner
 [*] 23-04-2024 11:20:48  incoming request GET /favicon.ico
 [+] 23-04-2024 11:22:39  servermanager successfully started On Port 3000. Ready to handle incoming requests.
 [+] 23-04-2024 11:22:39  Mongo DB Connected Successfully.....
 [+] 23-04-2024 11:22:39  Database Successfully Conected
 [+] 23-04-2024 11:22:39  Data Was Served..
 [+] 23-04-2024 11:22:39  Mongo DB disconnected Successfully.....
 [*] 23-04-2024 11:22:41  incoming request POST /movies/banner
 [*] 23-04-2024 11:22:41  incoming request GET /favicon.ico
 [*] 23-04-2024 11:22:48  incoming request POST /movies/banner
 [*] 23-04-2024 11:22:48  incoming request GET /favicon.ico
 [+] 23-04-2024 11:37:04  servermanager successfully started On Port 3000. Ready to handle incoming requests.
 [+] 23-04-2024 11:37:04  Mongo DB Connected Successfully.....
 [+] 23-04-2024 11:37:04  Database Successfully Conected
 [+] 23-04-2024 11:37:04  Data Was Served..
 [+] 23-04-2024 11:37:04  Mongo DB disconnected Successfully.....
 [+] 23-04-2024 11:37:47  servermanager successfully started On Port 3000. Ready to handle incoming requests.
 [+] 23-04-2024 11:37:47  Mongo DB Connected Successfully.....
 [+] 23-04-2024 11:37:47  Database Successfully Conected
 [+] 23-04-2024 11:37:47  Data Was Served..
 [+] 23-04-2024 11:37:47  Mongo DB disconnected Successfully.....
 [+] 23-04-2024 11:38:24  servermanager successfully started On Port 3000. Ready to handle incoming requests.
 [+] 23-04-2024 11:38:24  Mongo DB Connected Successfully.....
 [+] 23-04-2024 11:38:24  Database Successfully Conected
 [+] 23-04-2024 11:38:24  Data Was Served..
 [+] 23-04-2024 11:38:24  Mongo DB disconnected Successfully.....
 [+] 23-04-2024 11:39:19  servermanager successfully started On Port 3000. Ready to handle incoming requests.
 [+] 23-04-2024 11:39:19  Mongo DB Connected Successfully.....
 [+] 23-04-2024 11:39:19  Database Successfully Conected
 [+] 23-04-2024 11:39:19  Data Was Served..
 [+] 23-04-2024 11:39:19  Mongo DB disconnected Successfully.....
 [+] 23-04-2024 11:39:24  servermanager successfully started On Port 3000. Ready to handle incoming requests.
 [+] 23-04-2024 11:39:24  Mongo DB Connected Successfully.....
 [+] 23-04-2024 11:39:24  Database Successfully Conected
 [+] 23-04-2024 11:39:24  Data Was Served..
 [+] 23-04-2024 11:39:24  Mongo DB disconnected Successfully.....
 [*] 23-04-2024 11:39:28  incoming request POST /movies/banner
 [+] 23-04-2024 11:39:28  [object Object]
 [*] 23-04-2024 11:39:29  incoming request GET /favicon.ico