[+] 25-04-2024 08:16:51  servermanager successfully started On Port 3000. Ready to handle incoming requests.
 [+] 25-04-2024 08:16:51  Mongo DB Connected Successfully.....
 [+] 25-04-2024 08:16:51  Database Successfully Conected
 [+] 25-04-2024 08:16:51  Data Was Served..
 [+] 25-04-2024 08:16:51  Mongo DB disconnected Successfully.....
 [*] 25-04-2024 08:17:08  incoming request GET /
 [*] 25-04-2024 08:17:10  incoming request GET /favicon.ico
 [*] 25-04-2024 08:17:28  incoming request GET /
 [*] 25-04-2024 08:17:28  incoming request GET /favicon.ico
 [*] 25-04-2024 08:17:54  incoming request POST /user/token
 [*] 25-04-2024 08:18:05  incoming request POST /user/token
 [*] 25-04-2024 08:18:42  incoming request POST /user/token
 [*] 25-04-2024 08:18:56  incoming request GET /dashboard
 [*] 25-04-2024 08:18:56  incoming request GET /movies/
 [+] 25-04-2024 08:18:56  Mongo DB Connected Successfully.....
 [*] 25-04-2024 08:18:56  incoming request GET /favicon.ico
 [+] 25-04-2024 08:18:56  Data Was Served..
 [+] 25-04-2024 08:18:56  Mongo DB disconnected Successfully.....
 [+] 25-04-2024 12:48:48  servermanager successfully started On Port 3000. Ready to handle incoming requests.
 [+] 25-04-2024 12:48:48  Mongo DB Connected Successfully.....
 [+] 25-04-2024 12:48:48  Database Successfully Conected
 [+] 25-04-2024 12:48:48  Data Was Served..
 [+] 25-04-2024 12:48:48  Mongo DB disconnected Successfully.....
 [*] 25-04-2024 12:48:50  incoming request GET /
 [*] 25-04-2024 12:48:54  incoming request GET /
 [*] 25-04-2024 12:48:54  incoming request GET /favicon.ico
 [*] 25-04-2024 12:49:00  incoming request POST /user/token
 [*] 25-04-2024 12:49:08  incoming request GET /dashboard
 [*] 25-04-2024 12:49:09  incoming request GET /movies/
 [+] 25-04-2024 12:49:09  Mongo DB Connected Successfully.....
 [*] 25-04-2024 12:49:09  incoming request GET /favicon.ico
 [+] 25-04-2024 12:49:09  Data Was Served..
 [+] 25-04-2024 12:49:09  Mongo DB disconnected Successfully.....