--------logs--------
[+] 01-04-2024 07:25:05 Server is Listning 3000
[*] 01-04-2024 07:25:47 GET /api/teacher
[+] 01-04-2024 07:31:02 Server is Listning 3000
[+] 01-04-2024 07:37:34 Server is Listning 3000
[+] 01-04-2024 07:37:57 Server is Listning 3000
[+] 01-04-2024 07:38:29 Server is Listning 3000
[+] 01-04-2024 07:39:09 Server is Listning 3000
[+] 01-04-2024 07:39:50 Server is Listning 3000
[*] 01-04-2024 07:40:28 PUT /api/teacher/6602d2e3a18843a71df9fc5c
[+] 01-04-2024 07:40:53 Server is Listning 3000
[+] 01-04-2024 07:44:02 Server is Listning 3000
[+] 01-04-2024 07:44:34 Server is Listning 3000
[*] 01-04-2024 07:44:45 PUT /api/teacher
[*] 01-04-2024 07:44:49 GET /api/teacher
[*] 01-04-2024 07:45:04 PUT /api/teacher/6602d2e3a18843a71df9fc5c
[-] 01-04-2024 07:45:04 TypeError: Cannot read properties of undefined (reading 'name')
[+] 01-04-2024 07:45:12 Server is Listning 3000
[*] 01-04-2024 07:45:14 PUT /api/teacher/6602d2e3a18843a71df9fc5c
[-] 01-04-2024 07:45:14 TypeError: Cannot read properties of undefined (reading 'name')
[+] 01-04-2024 07:47:03 Server is Listning 3000
[+] 01-04-2024 08:16:15 Server is Listning 3000
[+] 01-04-2024 08:44:49 Server is Listning 3000
[*] 01-04-2024 08:44:58 GET /
[*] 01-04-2024 08:44:59 GET /
[*] 01-04-2024 08:45:08 GET /time/gmt
[*] 01-04-2024 08:45:09 GET /
[+] 01-04-2024 08:45:44 Server is Listning 3000
[*] 01-04-2024 08:45:47 GET /
[*] 01-04-2024 08:45:50 GET /time/gmt
[*] 01-04-2024 08:45:54 GET /
[*] 01-04-2024 08:49:05 GET /
[*] 01-04-2024 08:49:05 GET /
[*] 01-04-2024 08:49:05 GET /
[*] 01-04-2024 08:49:05 GET /
[*] 01-04-2024 08:49:05 GET /
[*] 01-04-2024 08:49:06 GET /
[*] 01-04-2024 08:49:06 GET /
[*] 01-04-2024 08:49:34 GET /
[*] 01-04-2024 08:49:35 GET /
[+] 01-04-2024 08:53:22 Server is Listning 3000
[*] 01-04-2024 08:53:23 GET /
[*] 01-04-2024 08:53:23 GET /
[*] 01-04-2024 08:53:24 GET /
[*] 01-04-2024 08:53:24 GET /
[*] 01-04-2024 08:53:24 GET /
[*] 01-04-2024 08:53:24 GET /
[*] 01-04-2024 08:53:41 GET /
[*] 01-04-2024 08:53:41 GET /
[*] 01-04-2024 08:53:41 GET /
[*] 01-04-2024 08:53:42 GET /
[*] 01-04-2024 08:53:45 GET /teacher
[*] 01-04-2024 08:53:47 GET /teacher
[*] 01-04-2024 08:54:09 GET /user
[+] 01-04-2024 08:54:45 Server is Listning 3000
[*] 01-04-2024 08:54:46 GET /user
[*] 01-04-2024 08:54:46 GET /user
[*] 01-04-2024 08:54:47 GET /user
[*] 01-04-2024 08:54:47 GET /user
[*] 01-04-2024 08:54:47 GET /user
[*] 01-04-2024 08:54:47 GET /user
[*] 01-04-2024 08:54:52 GET /
[+] 01-04-2024 08:55:20 Server is Listning 3000
[+] 01-04-2024 08:55:32 Server is Listning 3000
[*] 01-04-2024 08:55:33 GET /user
[*] 01-04-2024 08:55:33 GET /user
[*] 01-04-2024 08:55:34 GET /user
[*] 01-04-2024 08:55:34 GET /user
[*] 01-04-2024 08:55:34 GET /user
[*] 01-04-2024 08:55:37 GET /
[+] 01-04-2024 08:55:56 Server is Listning 3000
[*] 01-04-2024 08:55:56 GET /
[*] 01-04-2024 08:55:56 GET /
[*] 01-04-2024 08:55:56 GET /
[*] 01-04-2024 08:55:59 GET /user
[*] 01-04-2024 08:56:00 GET /user
[*] 01-04-2024 08:56:04 GET /user/
[+] 01-04-2024 08:57:16 Server is Listning 3000
[*] 01-04-2024 08:57:17 GET /user
[*] 01-04-2024 08:57:19 GET /
[*] 01-04-2024 08:57:22 GET /
[+] 01-04-2024 08:57:29 Server is Listning 3000
[*] 01-04-2024 08:57:31 GET /
[*] 01-04-2024 08:57:31 GET /
[*] 01-04-2024 08:57:31 GET /
[+] 01-04-2024 08:57:39 Server is Listning 3000
[+] 01-04-2024 08:57:45 Server is Listning 3000
[*] 01-04-2024 08:57:47 GET /
[*] 01-04-2024 08:57:47 GET /
[*] 01-04-2024 08:57:49 GET /user
[*] 01-04-2024 08:57:50 GET /user
[+] 01-04-2024 12:40:44 Server is Listning 3000
[*] 01-04-2024 12:41:16 GET /
[*] 01-04-2024 12:41:21 GET /
[+] 01-04-2024 12:42:07 Server is Listning 3000
[*] 01-04-2024 12:42:07 GET /
[*] 01-04-2024 12:42:07 GET /
[*] 01-04-2024 12:42:07 GET /
[*] 01-04-2024 12:42:12 GET /user
[*] 01-04-2024 12:42:13 GET /user
[+] 01-04-2024 12:47:46 Server is Listning 3000
[*] 01-04-2024 12:47:46 GET /user
[+] 01-04-2024 12:48:11 Server is Listning 3000
[*] 01-04-2024 12:48:16 GET /user
[*] 01-04-2024 12:48:16 GET /user
[*] 01-04-2024 12:48:16 GET /user
[*] 01-04-2024 12:48:17 GET /user
[*] 01-04-2024 12:48:23 GET /user
[*] 01-04-2024 12:48:28 GET /
[*] 01-04-2024 12:48:29 GET /
[+] 01-04-2024 12:48:59 Server is Listning 3000
[+] 01-04-2024 12:49:28 Server is Listning 3000
[*] 01-04-2024 12:49:39 GET /
[*] 01-04-2024 12:49:39 GET /
[*] 01-04-2024 12:49:39 GET /
[*] 01-04-2024 12:49:39 GET /
[*] 01-04-2024 12:49:43 GET /
[*] 01-04-2024 16:13:45 GET /
[*] 01-04-2024 16:13:52 GET /user
[*] 01-04-2024 16:13:53 GET /user
[*] 01-04-2024 16:14:13 GET /user/user
[+] 01-04-2024 16:14:52 Server is Listning 3000
[*] 01-04-2024 16:14:52 GET /user
[*] 01-04-2024 16:14:53 GET /
[*] 01-04-2024 16:22:25 GET /
[*] 01-04-2024 16:22:26 GET /
[*] 01-04-2024 16:22:26 GET /
[*] 01-04-2024 16:22:26 GET /
[*] 01-04-2024 16:22:26 GET /
[+] 01-04-2024 16:22:52 Server is Listning 3000
[+] 01-04-2024 16:23:00 Server is Listning 3000
[*] 01-04-2024 16:23:02 GET /
[*] 01-04-2024 16:23:03 GET /
[*] 01-04-2024 16:23:03 GET /
[*] 01-04-2024 16:24:06 GET /
[*] 01-04-2024 16:24:06 GET /
[*] 01-04-2024 16:24:06 GET /
[*] 01-04-2024 16:24:06 GET /
[*] 01-04-2024 16:24:06 GET /
[*] 01-04-2024 16:24:07 GET /
[*] 01-04-2024 16:24:07 GET /
[*] 01-04-2024 16:24:07 GET /
[*] 01-04-2024 16:24:07 GET /
[*] 01-04-2024 16:24:07 GET /
[*] 01-04-2024 16:24:07 GET /
[+] 01-04-2024 16:24:23 Server is Listning 3000
[*] 01-04-2024 16:24:25 GET /
[*] 01-04-2024 16:24:26 GET /
[*] 01-04-2024 16:24:26 GET /
[*] 01-04-2024 16:24:26 GET /
[*] 01-04-2024 16:24:27 GET /
[*] 01-04-2024 16:24:27 GET /
[*] 01-04-2024 16:24:30 GET /time/gmt
[*] 01-04-2024 16:24:35 GET /user
[*] 01-04-2024 16:24:35 GET /user
[+] 01-04-2024 16:25:55 Server is Listning 3000
[*] 01-04-2024 16:34:54 GET /user
[*] 01-04-2024 16:34:54 GET /user
[*] 01-04-2024 16:34:54 GET /user
[*] 01-04-2024 16:34:55 GET /user
[*] 01-04-2024 16:34:55 GET /user
[*] 01-04-2024 16:34:58 GET /
[+] 01-04-2024 16:35:51 Server is Listning 3000
[*] 01-04-2024 16:35:53 GET /
[*] 01-04-2024 16:35:53 GET /
[*] 01-04-2024 16:35:53 GET /
[*] 01-04-2024 16:35:53 GET /
[*] 01-04-2024 16:35:53 GET /
[*] 01-04-2024 16:35:54 GET /
[*] 01-04-2024 16:35:56 GET /
[+] 01-04-2024 16:36:10 Server is Listning 3000
[+] 01-04-2024 16:36:25 Server is Listning 3000
[*] 01-04-2024 16:36:30 GET /
[*] 01-04-2024 16:36:31 GET /
[*] 01-04-2024 16:36:31 GET /
[+] 01-04-2024 16:36:55 Server is Listning 3000
[*] 01-04-2024 16:36:55 GET /
[*] 01-04-2024 16:36:55 GET /
[*] 01-04-2024 16:36:56 GET /
[*] 01-04-2024 16:36:56 GET /
[+] 01-04-2024 17:13:49 Server is Listning 3000
[+] 01-04-2024 17:19:19 Server is Listning 3000
[*] 01-04-2024 17:30:57 GET /
[*] 01-04-2024 17:30:58 GET /
[*] 01-04-2024 17:31:37 GET /
[*] 01-04-2024 17:31:38 GET /
[*] 01-04-2024 17:31:38 GET /
[*] 01-04-2024 17:31:38 GET /
[+] 01-04-2024 17:37:02 Server is Listning 3000
[*] 01-04-2024 17:37:04 GET /
[*] 01-04-2024 17:37:04 GET /
[*] 01-04-2024 17:37:04 GET /
[*] 01-04-2024 17:37:04 GET /
[*] 01-04-2024 17:37:07 GET /user
[*] 01-04-2024 17:37:09 GET /user
[+] 01-04-2024 17:41:10 Server is Listning 3000
[+] 01-04-2024 17:41:39 Server is Listning 3000
[*] 01-04-2024 17:41:40 GET /user
[*] 01-04-2024 17:41:40 GET /user
[*] 01-04-2024 17:41:40 GET /user
[*] 01-04-2024 17:41:41 GET /user
[*] 01-04-2024 17:41:41 GET /user
[*] 01-04-2024 17:41:41 GET /user
[+] 01-04-2024 17:41:58 Server is Listning 3000
[*] 01-04-2024 17:41:59 GET /user
[*] 01-04-2024 17:41:59 GET /user
[*] 01-04-2024 17:41:59 GET /user
[*] 01-04-2024 17:41:59 GET /user
[+] 01-04-2024 20:03:16 Server is Listning 3000
[*] 01-04-2024 20:03:26 GET /
[*] 01-04-2024 20:03:27 GET /
[*] 01-04-2024 20:03:35 GET /time/gmt
[*] 01-04-2024 20:03:37 GET /
[+] 01-04-2024 20:08:43 Server is Listning 3000
[*] 01-04-2024 20:08:52 GET /
[+] 01-04-2024 20:09:43 Server is Listning 3000
[*] 01-04-2024 20:09:45 GET /user
[*] 01-04-2024 20:09:46 GET /user
[+] 01-04-2024 20:11:09 Server is Listning 3000
[*] 01-04-2024 20:11:14 GET /user
[*] 01-04-2024 20:11:14 GET /user
[*] 01-04-2024 20:11:14 GET /user
[*] 01-04-2024 20:11:14 GET /user
[*] 01-04-2024 20:11:14 GET /user
[*] 01-04-2024 20:11:14 GET /user
[*] 01-04-2024 20:11:14 GET /user
[*] 01-04-2024 20:11:14 GET /user
[*] 01-04-2024 20:11:19 GET /
[*] 01-04-2024 20:11:20 GET /
[*] 01-04-2024 20:11:40 GET /
[*] 01-04-2024 20:11:41 GET /
[+] 01-04-2024 20:12:05 Server is Listning 3000
[+] 01-04-2024 20:12:29 Server is Listning 3033
[*] 01-04-2024 20:12:38 GET /
[*] 01-04-2024 20:12:46 GET /user
[+] 01-04-2024 20:13:49 Server is Listning 3033
[+] 01-04-2024 20:15:27 Server is Listning 3033
[+] 01-04-2024 20:17:45 Server is Listning 3033
[+] 01-04-2024 20:17:49 Server is Listning 3033
[+] 01-04-2024 20:18:28 Server is Listning 3033
[+] 01-04-2024 20:19:04 Server is Listning 3033
[+] 01-04-2024 20:20:14 Server is Listning 3033
[+] 01-04-2024 20:20:18 Server is Listning 3033
[+] 01-04-2024 20:20:22 Server is Listning 3033
[+] 01-04-2024 20:21:01 Server is Listning 3033
[+] 01-04-2024 20:21:57 Server is Listning 3033
[+] 01-04-2024 20:23:01 Server is Listning 3033
[*] 01-04-2024 20:23:12 GET /user
[*] 01-04-2024 20:23:12 GET /user
[*] 01-04-2024 20:23:12 GET /user
[*] 01-04-2024 20:23:12 GET /user
[*] 01-04-2024 20:23:12 GET /user
[*] 01-04-2024 20:23:13 GET /user
[+] 01-04-2024 20:23:32 Server is Listning 3000
[*] 01-04-2024 20:23:48 GET /time/gmt
[*] 01-04-2024 20:23:53 GET /
[*] 01-04-2024 20:23:54 GET /
[*] 01-04-2024 20:24:05 GET /api/teacher/
[*] 01-04-2024 20:24:14 GET /api
[*] 01-04-2024 20:24:20 GET /api/teacher/
[*] 01-04-2024 20:25:57 GET /api/teacher/6602d299a18843a71df9fc5b
[+] 01-04-2024 20:27:22 Server is Listning 3000
[*] 01-04-2024 20:27:27 GET /
[*] 01-04-2024 20:27:34 GET /user
[*] 01-04-2024 20:27:35 GET /user
[+] 01-04-2024 20:29:13 Server is Listning 3000
[*] 01-04-2024 20:29:20 GET /user
[*] 01-04-2024 20:29:22 GET /user
[+] 01-04-2024 21:07:51 Server is Listning 3000
[*] 01-04-2024 21:08:03 GET /
[+] 01-04-2024 21:09:07 Server is Listning 3000
[+] 01-04-2024 21:09:12 Server is Listning 3000
[*] 01-04-2024 21:09:28 GET /
[+] 01-04-2024 21:09:57 Server is Listning 3000
[*] 01-04-2024 21:09:57 GET /
[*] 01-04-2024 21:09:58 GET /
[*] 01-04-2024 21:09:58 GET /
[*] 01-04-2024 21:09:58 GET /
[*] 01-04-2024 21:10:58 GET /
[*] 01-04-2024 21:11:06 GET /
[*] 01-04-2024 21:11:10 GET /user
[*] 01-04-2024 21:11:34 POST /user
[*] 01-04-2024 21:11:40 PUT /user
[*] 01-04-2024 21:11:45 GET /user