--------logs--------
[+] 29-04-2024 22:31:38 Server is Listning 3000
[*] 29-04-2024 22:31:42 GET /
[*] 29-04-2024 22:31:45 POST /api/teacher/login
[*] 29-04-2024 22:32:01 POST /api/teacher/login
[*] 29-04-2024 22:32:03 POST /api/teacher/login
[*] 29-04-2024 22:32:03 POST /api/teacher/login
[*] 29-04-2024 22:32:06 GET /
[*] 29-04-2024 22:32:08 POST /api/teacher/login
[*] 29-04-2024 22:32:10 POST /api/teacher/login
[*] 29-04-2024 22:32:12 GET /
[*] 29-04-2024 22:32:21 POST /api/teacher/login
[*] 29-04-2024 22:32:22 POST /api/teacher/login
[*] 29-04-2024 22:32:24 GET /
[*] 29-04-2024 22:34:02 POST /api/teacher/login
[*] 29-04-2024 22:34:02 GET /dashboard
[*] 29-04-2024 22:34:02 GET /js/dashboard.js
[*] 29-04-2024 22:36:24 GET /dashboard
[*] 29-04-2024 22:38:36 GET /dashboard
[*] 29-04-2024 22:38:36 GET /js/dashboard.js
[*] 29-04-2024 22:40:05 GET /dashboard
[*] 29-04-2024 22:40:23 GET /dashboard
[*] 29-04-2024 22:40:23 GET /js/dashboard.js
[*] 29-04-2024 22:40:38 GET /dashboard
[*] 29-04-2024 22:40:38 GET /js/dashboard.js
[*] 29-04-2024 22:40:43 GET /dashboard
[*] 29-04-2024 22:40:43 GET /js/dashboard.js
[*] 29-04-2024 22:42:12 GET /dashboard
[*] 29-04-2024 22:42:12 GET /js/dashboard.js
[*] 29-04-2024 22:42:13 GET /dashboard
[*] 29-04-2024 22:42:13 GET /js/dashboard.js
[*] 29-04-2024 22:42:14 GET /dashboard
[*] 29-04-2024 22:42:14 GET /js/dashboard.js
[*] 29-04-2024 22:42:14 GET /dashboard
[*] 29-04-2024 22:42:14 GET /js/dashboard.js
[*] 29-04-2024 22:42:14 GET /dashboard
[*] 29-04-2024 22:42:14 GET /js/dashboard.js
[*] 29-04-2024 22:42:14 GET /dashboard
[*] 29-04-2024 22:42:14 GET /js/dashboard.js
[*] 29-04-2024 22:42:14 GET /dashboard
[*] 29-04-2024 22:42:14 GET /js/dashboard.js
[*] 29-04-2024 22:42:14 GET /dashboard
[*] 29-04-2024 22:42:14 GET /js/dashboard.js
[*] 29-04-2024 22:42:14 GET /dashboard
[*] 29-04-2024 22:42:14 GET /js/dashboard.js
[*] 29-04-2024 22:42:15 GET /dashboard
[*] 29-04-2024 22:42:15 GET /js/dashboard.js
[*] 29-04-2024 22:43:43 GET /dashboard
[*] 29-04-2024 22:43:43 GET /js/dashboard.js
[*] 29-04-2024 22:44:02 GET /dashboard
[*] 29-04-2024 22:44:02 GET /js/dashboard.js
[*] 29-04-2024 22:44:07 POST /api/teacher/login
[*] 29-04-2024 22:44:07 GET /dashboard
[*] 29-04-2024 22:44:07 GET /js/dashboard.js
[*] 29-04-2024 22:45:36 GET /
[*] 29-04-2024 22:45:36 GET /CSS/index.css
[*] 29-04-2024 22:45:43 GET /api
[+] 29-04-2024 22:46:13 Server is Listning 3000
[*] 29-04-2024 22:46:13 GET /api